<?xml version="1.0" encoding="UTF-8"?>
<coverage generated="1784712011184" clover="3.2.0">
  <project timestamp="1784712011185" name="All files">
    <metrics statements="158" coveredstatements="111" conditionals="87" coveredconditionals="60" methods="67" coveredmethods="41" elements="312" coveredelements="212" complexity="0" loc="158" ncloc="158" packages="6" files="9" classes="9"/>
    <package name="src">
      <metrics statements="27" coveredstatements="18" conditionals="8" coveredconditionals="5" methods="8" coveredmethods="7"/>
      <file name="App.jsx" path="C:\wk\yamag2\my\ChartShapeChecker\src\App.jsx">
        <metrics statements="27" coveredstatements="18" conditionals="8" coveredconditionals="5" methods="8" coveredmethods="7"/>
        <line num="18" count="7" type="stmt"/>
        <line num="22" count="7" type="stmt"/>
        <line num="23" count="1" type="stmt"/>
        <line num="24" count="20" type="stmt"/>
        <line num="28" count="0" type="stmt"/>
        <line num="31" count="0" type="stmt"/>
        <line num="32" count="0" type="stmt"/>
        <line num="35" count="0" type="stmt"/>
        <line num="37" count="0" type="stmt"/>
        <line num="44" count="1" type="stmt"/>
        <line num="45" count="1" type="stmt"/>
        <line num="46" count="1" type="stmt"/>
        <line num="48" count="0" type="stmt"/>
        <line num="53" count="7" type="stmt"/>
        <line num="54" count="7" type="stmt"/>
        <line num="55" count="1" type="cond" truecount="3" falsecount="1"/>
        <line num="56" count="0" type="stmt"/>
        <line num="58" count="1" type="cond" truecount="1" falsecount="1"/>
        <line num="59" count="0" type="stmt"/>
        <line num="60" count="0" type="stmt"/>
        <line num="61" count="1" type="cond" truecount="1" falsecount="1"/>
        <line num="62" count="1" type="stmt"/>
        <line num="63" count="1" type="stmt"/>
        <line num="66" count="7" type="stmt"/>
        <line num="67" count="7" type="stmt"/>
        <line num="70" count="7" type="stmt"/>
        <line num="110" count="1" type="stmt"/>
      </file>
    </package>
    <package name="src.components">
      <metrics statements="76" coveredstatements="56" conditionals="61" coveredconditionals="48" methods="40" coveredmethods="24"/>
      <file name="ChartView.jsx" path="C:\wk\yamag2\my\ChartShapeChecker\src\components\ChartView.jsx">
        <metrics statements="36" coveredstatements="28" conditionals="23" coveredconditionals="21" methods="18" coveredmethods="9"/>
        <line num="7" count="2" type="stmt"/>
        <line num="8" count="17" type="stmt"/>
        <line num="9" count="17" type="stmt"/>
        <line num="10" count="17" type="stmt"/>
        <line num="11" count="17" type="stmt"/>
        <line num="13" count="17" type="stmt"/>
        <line num="14" count="1" type="stmt"/>
        <line num="18" count="1" type="stmt"/>
        <line num="21" count="17" type="stmt"/>
        <line num="22" count="10" type="cond" truecount="2" falsecount="0"/>
        <line num="23" count="5" type="stmt"/>
        <line num="24" count="5" type="stmt"/>
        <line num="25" count="5" type="stmt"/>
        <line num="27" count="5" type="stmt"/>
        <line num="28" count="5" type="stmt"/>
        <line num="32" count="17" type="stmt"/>
        <line num="33" count="9" type="cond" truecount="1" falsecount="1"/>
        <line num="34" count="9" type="stmt"/>
        <line num="37" count="17" type="stmt"/>
        <line num="39" count="17" type="cond" truecount="2" falsecount="0"/>
        <line num="40" count="5" type="stmt"/>
        <line num="50" count="12" type="stmt"/>
        <line num="58" count="0" type="stmt"/>
        <line num="141" count="9" type="stmt"/>
        <line num="146" count="0" type="stmt"/>
        <line num="154" count="0" type="stmt"/>
        <line num="155" count="0" type="stmt"/>
        <line num="173" count="0" type="stmt"/>
        <line num="189" count="0" type="stmt"/>
        <line num="190" count="0" type="stmt"/>
        <line num="206" count="0" type="cond" truecount="2" falsecount="0"/>
        <line num="210" count="2" type="stmt"/>
        <line num="211" count="1" type="stmt"/>
        <line num="212" count="1" type="stmt"/>
        <line num="213" count="1" type="stmt"/>
        <line num="216" count="1" type="stmt"/>
      </file>
      <file name="ErrorBoundary.jsx" path="C:\wk\yamag2\my\ChartShapeChecker\src\components\ErrorBoundary.jsx">
        <metrics statements="8" coveredstatements="7" conditionals="2" coveredconditionals="2" methods="5" coveredmethods="4"/>
        <line num="5" count="4" type="stmt"/>
        <line num="6" count="4" type="stmt"/>
        <line num="10" count="2" type="stmt"/>
        <line num="14" count="1" type="stmt"/>
        <line num="18" count="5" type="cond" truecount="2" falsecount="0"/>
        <line num="19" count="2" type="stmt"/>
        <line num="50" count="0" type="stmt"/>
        <line num="68" count="3" type="stmt"/>
      </file>
      <file name="Sidebar.jsx" path="C:\wk\yamag2\my\ChartShapeChecker\src\components\Sidebar.jsx">
        <metrics statements="10" coveredstatements="8" conditionals="10" coveredconditionals="8" methods="6" coveredmethods="5"/>
        <line num="5" count="1" type="stmt"/>
        <line num="6" count="4" type="stmt"/>
        <line num="8" count="4" type="stmt"/>
        <line num="9" count="8" type="cond" truecount="2" falsecount="0"/>
        <line num="13" count="4" type="stmt"/>
        <line num="32" count="1" type="stmt"/>
        <line num="41" count="7" type="stmt"/>
        <line num="48" count="1" type="stmt"/>
        <line num="67" count="0" type="stmt"/>
        <line num="68" count="0" type="stmt"/>
      </file>
      <file name="TickerSelector.jsx" path="C:\wk\yamag2\my\ChartShapeChecker\src\components\TickerSelector.jsx">
        <metrics statements="22" coveredstatements="13" conditionals="26" coveredconditionals="17" methods="11" coveredmethods="6"/>
        <line num="5" count="2" type="stmt"/>
        <line num="6" count="10" type="stmt"/>
        <line num="7" count="10" type="stmt"/>
        <line num="8" count="10" type="stmt"/>
        <line num="10" count="10" type="stmt"/>
        <line num="11" count="5" type="stmt"/>
        <line num="12" count="0" type="cond" truecount="0" falsecount="4"/>
        <line num="13" count="0" type="stmt"/>
        <line num="16" count="5" type="stmt"/>
        <line num="17" count="5" type="stmt"/>
        <line num="20" count="10" type="stmt"/>
        <line num="21" count="146" type="cond" truecount="1" falsecount="1"/>
        <line num="25" count="10" type="stmt"/>
        <line num="30" count="1" type="stmt"/>
        <line num="58" count="0" type="stmt"/>
        <line num="61" count="0" type="stmt"/>
        <line num="72" count="2" type="stmt"/>
        <line num="76" count="0" type="stmt"/>
        <line num="77" count="0" type="stmt"/>
        <line num="78" count="0" type="stmt"/>
        <line num="89" count="0" type="stmt"/>
        <line num="90" count="0" type="stmt"/>
      </file>
    </package>
    <package name="src.config">
      <metrics statements="5" coveredstatements="4" conditionals="0" coveredconditionals="0" methods="3" coveredmethods="2"/>
      <file name="constants.js" path="C:\wk\yamag2\my\ChartShapeChecker\src\config\constants.js">
        <metrics statements="5" coveredstatements="4" conditionals="0" coveredconditionals="0" methods="3" coveredmethods="2"/>
        <line num="1" count="2" type="stmt"/>
        <line num="3" count="2" type="stmt"/>
        <line num="4" count="10" type="stmt"/>
        <line num="5" count="9" type="stmt"/>
        <line num="6" count="0" type="stmt"/>
      </file>
    </package>
    <package name="src.data">
      <metrics statements="1" coveredstatements="1" conditionals="0" coveredconditionals="0" methods="0" coveredmethods="0"/>
      <file name="tickers.js" path="C:\wk\yamag2\my\ChartShapeChecker\src\data\tickers.js">
        <metrics statements="1" coveredstatements="1" conditionals="0" coveredconditionals="0" methods="0" coveredmethods="0"/>
        <line num="1" count="1" type="stmt"/>
      </file>
    </package>
    <package name="src.hooks">
      <metrics statements="44" coveredstatements="28" conditionals="16" coveredconditionals="6" methods="15" coveredmethods="7"/>
      <file name="useTickerState.js" path="C:\wk\yamag2\my\ChartShapeChecker\src\hooks\useTickerState.js">
        <metrics statements="44" coveredstatements="28" conditionals="16" coveredconditionals="6" methods="15" coveredmethods="7"/>
        <line num="8" count="1" type="stmt"/>
        <line num="9" count="7" type="stmt"/>
        <line num="10" count="7" type="stmt"/>
        <line num="11" count="7" type="stmt"/>
        <line num="14" count="7" type="stmt"/>
        <line num="15" count="3" type="stmt"/>
        <line num="16" count="3" type="cond" truecount="1" falsecount="1"/>
        <line num="17" count="0" type="stmt"/>
        <line num="18" count="0" type="stmt"/>
        <line num="20" count="0" type="stmt"/>
        <line num="25" count="3" type="cond" truecount="1" falsecount="1"/>
        <line num="26" count="3" type="stmt"/>
        <line num="31" count="7" type="stmt"/>
        <line num="32" count="3" type="stmt"/>
        <line num="33" count="3" type="cond" truecount="2" falsecount="0"/>
        <line num="34" count="2" type="stmt"/>
        <line num="35" count="2" type="stmt"/>
        <line num="37" count="0" type="stmt"/>
        <line num="43" count="7" type="stmt"/>
        <line num="44" count="5" type="stmt"/>
        <line num="47" count="7" type="stmt"/>
        <line num="48" count="0" type="stmt"/>
        <line num="49" count="0" type="cond" truecount="0" falsecount="2"/>
        <line num="53" count="7" type="stmt"/>
        <line num="54" count="0" type="stmt"/>
        <line num="55" count="0" type="stmt"/>
        <line num="56" count="0" type="stmt"/>
        <line num="59" count="7" type="stmt"/>
        <line num="60" count="0" type="stmt"/>
        <line num="61" count="0" type="cond" truecount="0" falsecount="2"/>
        <line num="62" count="0" type="stmt"/>
        <line num="63" count="0" type="cond" truecount="0" falsecount="2"/>
        <line num="64" count="0" type="stmt"/>
        <line num="65" count="0" type="stmt"/>
        <line num="69" count="7" type="stmt"/>
        <line num="70" count="1" type="stmt"/>
        <line num="71" count="1" type="cond" truecount="1" falsecount="1"/>
        <line num="72" count="1" type="stmt"/>
        <line num="73" count="1" type="cond" truecount="1" falsecount="1"/>
        <line num="74" count="1" type="stmt"/>
        <line num="75" count="1" type="stmt"/>
        <line num="79" count="7" type="stmt"/>
        <line num="80" count="0" type="stmt"/>
        <line num="83" count="7" type="stmt"/>
      </file>
    </package>
    <package name="src.services">
      <metrics statements="5" coveredstatements="4" conditionals="2" coveredconditionals="1" methods="1" coveredmethods="1"/>
      <file name="gasApi.js" path="C:\wk\yamag2\my\ChartShapeChecker\src\services\gasApi.js">
        <metrics statements="5" coveredstatements="4" conditionals="2" coveredconditionals="1" methods="1" coveredmethods="1"/>
        <line num="8" count="1" type="stmt"/>
        <line num="9" count="1" type="cond" truecount="1" falsecount="1"/>
        <line num="10" count="0" type="stmt"/>
        <line num="13" count="1" type="stmt"/>
        <line num="23" count="1" type="stmt"/>
      </file>
    </package>
  </project>
</coverage>
