{"C:\\wk\\yamag2\\my\\ChartShapeChecker\\src\\App.jsx": {"path":"C:\\wk\\yamag2\\my\\ChartShapeChecker\\src\\App.jsx","statementMap":{"0":{"start":{"line":18,"column":4},"end":{"line":19,"column":22}},"1":{"start":{"line":22,"column":28},"end":{"line":48,"column":null}},"2":{"start":{"line":23,"column":34},"end":{"line":42,"column":null}},"3":{"start":{"line":24,"column":19},"end":{"line":24,"column":45}},"4":{"start":{"line":28,"column":26},"end":{"line":28,"column":58}},"5":{"start":{"line":31,"column":22},"end":{"line":31,"column":42}},"6":{"start":{"line":32,"column":23},"end":{"line":32,"column":null}},"7":{"start":{"line":35,"column":21},"end":{"line":35,"column":null}},"8":{"start":{"line":37,"column":8},"end":{"line":41,"column":null}},"9":{"start":{"line":44,"column":4},"end":{"line":48,"column":null}},"10":{"start":{"line":45,"column":6},"end":{"line":45,"column":null}},"11":{"start":{"line":46,"column":6},"end":{"line":46,"column":null}},"12":{"start":{"line":48,"column":6},"end":{"line":48,"column":null}},"13":{"start":{"line":53,"column":2},"end":{"line":68,"column":null}},"14":{"start":{"line":54,"column":10},"end":{"line":63,"column":null}},"15":{"start":{"line":55,"column":6},"end":{"line":56,"column":null}},"16":{"start":{"line":56,"column":8},"end":{"line":56,"column":null}},"17":{"start":{"line":58,"column":6},"end":{"line":63,"column":null}},"18":{"start":{"line":59,"column":8},"end":{"line":59,"column":null}},"19":{"start":{"line":60,"column":8},"end":{"line":60,"column":null}},"20":{"start":{"line":61,"column":17},"end":{"line":63,"column":null}},"21":{"start":{"line":62,"column":8},"end":{"line":62,"column":null}},"22":{"start":{"line":63,"column":8},"end":{"line":63,"column":null}},"23":{"start":{"line":66,"column":4},"end":{"line":66,"column":null}},"24":{"start":{"line":67,"column":4},"end":{"line":67,"column":null}},"25":{"start":{"line":67,"column":17},"end":{"line":67,"column":69}},"26":{"start":{"line":70,"column":2},"end":{"line":112,"column":null}},"27":{"start":{"line":110,"column":29},"end":{"line":110,"column":59}}},"fnMap":{"0":{"name":"App","decl":{"start":{"line":8,"column":9},"end":{"line":8,"column":15}},"loc":{"start":{"line":8,"column":15},"end":{"line":112,"column":null}},"line":8},"1":{"name":"(anonymous_1)","decl":{"start":{"line":22,"column":28},"end":{"line":22,"column":35}},"loc":{"start":{"line":22,"column":43},"end":{"line":48,"column":null}},"line":22},"2":{"name":"(anonymous_2)","decl":{"start":{"line":24,"column":7},"end":{"line":24,"column":14}},"loc":{"start":{"line":24,"column":19},"end":{"line":24,"column":45}},"line":24},"3":{"name":"(anonymous_3)","decl":{"start":{"line":25,"column":7},"end":{"line":25,"column":11}},"loc":{"start":{"line":25,"column":16},"end":{"line":42,"column":null}},"line":25},"4":{"name":"(anonymous_4)","decl":{"start":{"line":53,"column":2},"end":{"line":53,"column":18}},"loc":{"start":{"line":53,"column":18},"end":{"line":68,"column":6}},"line":53},"5":{"name":"(anonymous_5)","decl":{"start":{"line":54,"column":10},"end":{"line":54,"column":27}},"loc":{"start":{"line":54,"column":33},"end":{"line":63,"column":null}},"line":54},"6":{"name":"(anonymous_6)","decl":{"start":{"line":67,"column":4},"end":{"line":67,"column":17}},"loc":{"start":{"line":67,"column":17},"end":{"line":67,"column":69}},"line":67},"7":{"name":"(anonymous_7)","decl":{"start":{"line":110,"column":14},"end":{"line":110,"column":29}},"loc":{"start":{"line":110,"column":29},"end":{"line":110,"column":59}},"line":110}},"branchMap":{"0":{"loc":{"start":{"line":55,"column":6},"end":{"line":56,"column":null}},"type":"if","locations":[{"start":{"line":55,"column":6},"end":{"line":56,"column":null}},{"start":{},"end":{}}],"line":55},"1":{"loc":{"start":{"line":55,"column":10},"end":{"line":55,"column":103}},"type":"binary-expr","locations":[{"start":{"line":55,"column":10},"end":{"line":55,"column":56}},{"start":{"line":55,"column":56},"end":{"line":55,"column":103}}],"line":55},"2":{"loc":{"start":{"line":58,"column":6},"end":{"line":63,"column":null}},"type":"if","locations":[{"start":{"line":58,"column":6},"end":{"line":63,"column":null}},{"start":{"line":61,"column":17},"end":{"line":63,"column":null}}],"line":58},"3":{"loc":{"start":{"line":61,"column":17},"end":{"line":63,"column":null}},"type":"if","locations":[{"start":{"line":61,"column":17},"end":{"line":63,"column":null}},{"start":{},"end":{}}],"line":61}},"s":{"0":15,"1":15,"2":1,"3":20,"4":1,"5":1,"6":1,"7":1,"8":1,"9":1,"10":1,"11":1,"12":0,"13":15,"14":15,"15":3,"16":1,"17":2,"18":1,"19":1,"20":1,"21":1,"22":1,"23":15,"24":15,"25":15,"26":15,"27":1},"f":{"0":15,"1":1,"2":20,"3":1,"4":15,"5":3,"6":15,"7":1},"b":{"0":[1,2],"1":[3,2],"2":[1,1],"3":[1,0]},"meta":{"lastBranch":4,"lastFunction":8,"lastStatement":28,"seen":{"f:8:9:8:15":0,"s:18:4:19:22":0,"s:22:28:48:Infinity":1,"f:22:28:22:35":1,"s:23:34:42:Infinity":2,"f:24:7:24:14":2,"s:24:19:24:45":3,"f:25:7:25:11":3,"s:28:26:28:58":4,"s:31:22:31:42":5,"s:32:23:32:Infinity":6,"s:35:21:35:Infinity":7,"s:37:8:41:Infinity":8,"s:44:4:48:Infinity":9,"s:45:6:45:Infinity":10,"s:46:6:46:Infinity":11,"s:48:6:48:Infinity":12,"s:53:2:68:Infinity":13,"f:53:2:53:18":4,"s:54:10:63:Infinity":14,"f:54:10:54:27":5,"b:55:6:56:Infinity:undefined:undefined:undefined:undefined":0,"s:55:6:56:Infinity":15,"b:55:10:55:56:55:56:55:103":1,"s:56:8:56:Infinity":16,"b:58:6:63:Infinity:61:17:63:Infinity":2,"s:58:6:63:Infinity":17,"s:59:8:59:Infinity":18,"s:60:8:60:Infinity":19,"b:61:17:63:Infinity:undefined:undefined:undefined:undefined":3,"s:61:17:63:Infinity":20,"s:62:8:62:Infinity":21,"s:63:8:63:Infinity":22,"s:66:4:66:Infinity":23,"s:67:4:67:Infinity":24,"f:67:4:67:17":6,"s:67:17:67:69":25,"s:70:2:112:Infinity":26,"f:110:14:110:29":7,"s:110:29:110:59":27},"fnNames":{}}}
,"C:\\wk\\yamag2\\my\\ChartShapeChecker\\src\\components\\ChartView.jsx": {"path":"C:\\wk\\yamag2\\my\\ChartShapeChecker\\src\\components\\ChartView.jsx","statementMap":{"0":{"start":{"line":8,"column":6},"end":{"line":207,"column":null}},"1":{"start":{"line":9,"column":18},"end":{"line":9,"column":46}},"2":{"start":{"line":10,"column":16},"end":{"line":10,"column":43}},"3":{"start":{"line":11,"column":21},"end":{"line":11,"column":49}},"4":{"start":{"line":12,"column":23},"end":{"line":12,"column":56}},"5":{"start":{"line":14,"column":8},"end":{"line":19,"column":null}},"6":{"start":{"line":15,"column":24},"end":{"line":18,"column":16}},"7":{"start":{"line":19,"column":4},"end":{"line":19,"column":null}},"8":{"start":{"line":22,"column":2},"end":{"line":31,"column":null}},"9":{"start":{"line":23,"column":4},"end":{"line":29,"column":null}},"10":{"start":{"line":24,"column":6},"end":{"line":24,"column":null}},"11":{"start":{"line":25,"column":6},"end":{"line":25,"column":null}},"12":{"start":{"line":26,"column":6},"end":{"line":26,"column":null}},"13":{"start":{"line":28,"column":6},"end":{"line":28,"column":null}},"14":{"start":{"line":29,"column":6},"end":{"line":29,"column":null}},"15":{"start":{"line":33,"column":8},"end":{"line":35,"column":null}},"16":{"start":{"line":34,"column":4},"end":{"line":34,"column":null}},"17":{"start":{"line":34,"column":21},"end":{"line":34,"column":null}},"18":{"start":{"line":35,"column":4},"end":{"line":35,"column":null}},"19":{"start":{"line":38,"column":8},"end":{"line":38,"column":55}},"20":{"start":{"line":38,"column":33},"end":{"line":38,"column":55}},"21":{"start":{"line":40,"column":2},"end":{"line":47,"column":null}},"22":{"start":{"line":41,"column":4},"end":{"line":47,"column":null}},"23":{"start":{"line":51,"column":2},"end":{"line":207,"column":null}},"24":{"start":{"line":59,"column":26},"end":{"line":59,"column":51}},"25":{"start":{"line":142,"column":16},"end":{"line":200,"column":null}},"26":{"start":{"line":147,"column":39},"end":{"line":147,"column":55}},"27":{"start":{"line":155,"column":45},"end":{"line":155,"column":53}},"28":{"start":{"line":156,"column":45},"end":{"line":156,"column":54}},"29":{"start":{"line":174,"column":49},"end":{"line":174,"column":67}},"30":{"start":{"line":174,"column":67},"end":{"line":174,"column":84}},"31":{"start":{"line":174,"column":84},"end":{"line":174,"column":null}},"32":{"start":{"line":174,"column":98},"end":{"line":174,"column":121}},"33":{"start":{"line":190,"column":38},"end":{"line":190,"column":55}},"34":{"start":{"line":191,"column":41},"end":{"line":191,"column":60}},"35":{"start":{"line":191,"column":60},"end":{"line":191,"column":null}},"36":{"start":{"line":207,"column":68},"end":{"line":207,"column":93}}},"fnMap":{"0":{"name":"(anonymous_0)","decl":{"start":{"line":8,"column":6},"end":{"line":8,"column":19}},"loc":{"start":{"line":8,"column":79},"end":{"line":207,"column":null}},"line":8},"1":{"name":"(anonymous_1)","decl":{"start":{"line":14,"column":8},"end":{"line":14,"column":35}},"loc":{"start":{"line":14,"column":35},"end":{"line":19,"column":null}},"line":14},"2":{"name":"(anonymous_2)","decl":{"start":{"line":22,"column":2},"end":{"line":22,"column":18}},"loc":{"start":{"line":22,"column":18},"end":{"line":31,"column":6}},"line":22},"3":{"name":"(anonymous_3)","decl":{"start":{"line":33,"column":8},"end":{"line":33,"column":23}},"loc":{"start":{"line":33,"column":37},"end":{"line":35,"column":null}},"line":33},"4":{"name":"(anonymous_4)","decl":{"start":{"line":38,"column":8},"end":{"line":38,"column":26}},"loc":{"start":{"line":38,"column":33},"end":{"line":38,"column":55}},"line":38},"5":{"name":"(anonymous_5)","decl":{"start":{"line":59,"column":10},"end":{"line":59,"column":26}},"loc":{"start":{"line":59,"column":26},"end":{"line":59,"column":51}},"line":59},"6":{"name":"(anonymous_6)","decl":{"start":{"line":141,"column":16},"end":{"line":141,"column":18}},"loc":{"start":{"line":142,"column":16},"end":{"line":200,"column":null}},"line":142},"7":{"name":"(anonymous_7)","decl":{"start":{"line":147,"column":24},"end":{"line":147,"column":39}},"loc":{"start":{"line":147,"column":39},"end":{"line":147,"column":55}},"line":147},"8":{"name":"(anonymous_8)","decl":{"start":{"line":155,"column":30},"end":{"line":155,"column":45}},"loc":{"start":{"line":155,"column":45},"end":{"line":155,"column":53}},"line":155},"9":{"name":"(anonymous_9)","decl":{"start":{"line":156,"column":30},"end":{"line":156,"column":45}},"loc":{"start":{"line":156,"column":45},"end":{"line":156,"column":54}},"line":156},"10":{"name":"(anonymous_10)","decl":{"start":{"line":174,"column":32},"end":{"line":174,"column":47}},"loc":{"start":{"line":174,"column":47},"end":{"line":174,"column":null}},"line":174},"11":{"name":"(anonymous_11)","decl":{"start":{"line":174,"column":84},"end":{"line":174,"column":98}},"loc":{"start":{"line":174,"column":98},"end":{"line":174,"column":121}},"line":174},"12":{"name":"(anonymous_12)","decl":{"start":{"line":190,"column":24},"end":{"line":190,"column":38}},"loc":{"start":{"line":190,"column":38},"end":{"line":190,"column":55}},"line":190},"13":{"name":"(anonymous_13)","decl":{"start":{"line":191,"column":24},"end":{"line":191,"column":39}},"loc":{"start":{"line":191,"column":39},"end":{"line":191,"column":null}},"line":191},"14":{"name":"(anonymous_14)","decl":{"start":{"line":207,"column":53},"end":{"line":207,"column":68}},"loc":{"start":{"line":207,"column":68},"end":{"line":207,"column":93}},"line":207}},"branchMap":{"0":{"loc":{"start":{"line":23,"column":4},"end":{"line":29,"column":null}},"type":"if","locations":[{"start":{"line":23,"column":4},"end":{"line":29,"column":null}},{"start":{"line":27,"column":11},"end":{"line":29,"column":null}}],"line":23},"1":{"loc":{"start":{"line":34,"column":4},"end":{"line":34,"column":null}},"type":"if","locations":[{"start":{"line":34,"column":4},"end":{"line":34,"column":null}},{"start":{},"end":{}}],"line":34},"2":{"loc":{"start":{"line":40,"column":2},"end":{"line":47,"column":null}},"type":"if","locations":[{"start":{"line":40,"column":2},"end":{"line":47,"column":null}},{"start":{},"end":{}}],"line":40},"3":{"loc":{"start":{"line":79,"column":11},"end":{"line":88,"column":null}},"type":"binary-expr","locations":[{"start":{"line":79,"column":11},"end":{"line":79,"column":null}},{"start":{"line":80,"column":12},"end":{"line":88,"column":null}}],"line":79},"4":{"loc":{"start":{"line":96,"column":9},"end":{"line":112,"column":null}},"type":"binary-expr","locations":[{"start":{"line":96,"column":9},"end":{"line":96,"column":null}},{"start":{"line":97,"column":10},"end":{"line":112,"column":null}}],"line":96},"5":{"loc":{"start":{"line":116,"column":11},"end":{"line":202,"column":null}},"type":"cond-expr","locations":[{"start":{"line":117,"column":12},"end":{"line":130,"column":null}},{"start":{"line":132,"column":12},"end":{"line":202,"column":null}}],"line":116},"6":{"loc":{"start":{"line":145,"column":21},"end":{"line":154,"column":21}},"type":"binary-expr","locations":[{"start":{"line":145,"column":21},"end":{"line":145,"column":null}},{"start":{"line":146,"column":22},"end":{"line":154,"column":21}}],"line":145},"7":{"loc":{"start":{"line":164,"column":20},"end":{"line":184,"column":23}},"type":"binary-expr","locations":[{"start":{"line":165,"column":24},"end":{"line":165,"column":35}},{"start":{"line":165,"column":35},"end":{"line":165,"column":null}},{"start":{"line":166,"column":24},"end":{"line":184,"column":23}}],"line":164},"8":{"loc":{"start":{"line":167,"column":27},"end":{"line":178,"column":null}},"type":"cond-expr","locations":[{"start":{"line":168,"column":28},"end":{"line":170,"column":29}},{"start":{"line":170,"column":28},"end":{"line":178,"column":null}}],"line":167},"9":{"loc":{"start":{"line":189,"column":44},"end":{"line":189,"column":61}},"type":"cond-expr","locations":[{"start":{"line":189,"column":54},"end":{"line":189,"column":58}},{"start":{"line":189,"column":58},"end":{"line":189,"column":61}}],"line":189},"10":{"loc":{"start":{"line":207,"column":7},"end":{"line":207,"column":null}},"type":"binary-expr","locations":[{"start":{"line":207,"column":7},"end":{"line":207,"column":23}},{"start":{"line":207,"column":23},"end":{"line":207,"column":null}}],"line":207}},"s":{"0":2,"1":30,"2":30,"3":30,"4":30,"5":30,"6":1,"7":1,"8":30,"9":18,"10":10,"11":10,"12":10,"13":8,"14":8,"15":30,"16":18,"17":0,"18":18,"19":30,"20":20,"21":30,"22":8,"23":22,"24":1,"25":18,"26":0,"27":0,"28":0,"29":0,"30":0,"31":0,"32":0,"33":0,"34":0,"35":0,"36":0},"f":{"0":30,"1":1,"2":18,"3":18,"4":20,"5":1,"6":18,"7":0,"8":0,"9":0,"10":0,"11":0,"12":0,"13":0,"14":0},"b":{"0":[10,8],"1":[0,18],"2":[8,22],"3":[22,20],"4":[30,20],"5":[2,20],"6":[18,0],"7":[18,6,18],"8":[12,6],"9":[12,6],"10":[30,2]},"meta":{"lastBranch":11,"lastFunction":15,"lastStatement":37,"seen":{"s:8:6:207:Infinity":0,"f:8:6:8:19":0,"s:9:18:9:46":1,"s:10:16:10:43":2,"s:11:21:11:49":3,"s:12:23:12:56":4,"s:14:8:19:Infinity":5,"f:14:8:14:35":1,"s:15:24:18:16":6,"s:19:4:19:Infinity":7,"s:22:2:31:Infinity":8,"f:22:2:22:18":2,"b:23:4:29:Infinity:27:11:29:Infinity":0,"s:23:4:29:Infinity":9,"s:24:6:24:Infinity":10,"s:25:6:25:Infinity":11,"s:26:6:26:Infinity":12,"s:28:6:28:Infinity":13,"s:29:6:29:Infinity":14,"s:33:8:35:Infinity":15,"f:33:8:33:23":3,"b:34:4:34:Infinity:undefined:undefined:undefined:undefined":1,"s:34:4:34:Infinity":16,"s:34:21:34:Infinity":17,"s:35:4:35:Infinity":18,"s:38:8:38:55":19,"f:38:8:38:26":4,"s:38:33:38:55":20,"b:40:2:47:Infinity:undefined:undefined:undefined:undefined":2,"s:40:2:47:Infinity":21,"s:41:4:47:Infinity":22,"s:51:2:207:Infinity":23,"f:59:10:59:26":5,"s:59:26:59:51":24,"b:79:11:79:Infinity:80:12:88:Infinity":3,"b:96:9:96:Infinity:97:10:112:Infinity":4,"b:117:12:130:Infinity:132:12:202:Infinity":5,"f:141:16:141:18":6,"s:142:16:200:Infinity":25,"b:145:21:145:Infinity:146:22:154:21":6,"f:147:24:147:39":7,"s:147:39:147:55":26,"f:155:30:155:45":8,"s:155:45:155:53":27,"f:156:30:156:45":9,"s:156:45:156:54":28,"b:165:24:165:35:165:35:165:Infinity:166:24:184:23":7,"b:168:28:170:29:170:28:178:Infinity":8,"f:174:32:174:47":10,"s:174:49:174:67":29,"s:174:67:174:84":30,"s:174:84:174:Infinity":31,"f:174:84:174:98":11,"s:174:98:174:121":32,"b:189:54:189:58:189:58:189:61":9,"f:190:24:190:38":12,"s:190:38:190:55":33,"f:191:24:191:39":13,"s:191:41:191:60":34,"s:191:60:191:Infinity":35,"b:207:7:207:23:207:23:207:Infinity":10,"f:207:53:207:68":14,"s:207:68:207:93":36},"fnNames":{}}}
,"C:\\wk\\yamag2\\my\\ChartShapeChecker\\src\\components\\ErrorBoundary.jsx": {"path":"C:\\wk\\yamag2\\my\\ChartShapeChecker\\src\\components\\ErrorBoundary.jsx","statementMap":{"0":{"start":{"line":5,"column":4},"end":{"line":5,"column":null}},"1":{"start":{"line":6,"column":4},"end":{"line":6,"column":null}},"2":{"start":{"line":10,"column":4},"end":{"line":10,"column":null}},"3":{"start":{"line":14,"column":4},"end":{"line":14,"column":null}},"4":{"start":{"line":18,"column":4},"end":{"line":63,"column":null}},"5":{"start":{"line":19,"column":6},"end":{"line":63,"column":null}},"6":{"start":{"line":50,"column":27},"end":{"line":50,"column":51}},"7":{"start":{"line":68,"column":4},"end":{"line":68,"column":null}}},"fnMap":{"0":{"name":"constructor","decl":{"start":{"line":4,"column":2},"end":{"line":4,"column":14}},"loc":{"start":{"line":4,"column":21},"end":{"line":6,"column":null}},"line":4},"1":{"name":"getDerivedStateFromError","decl":{"start":{"line":9,"column":9},"end":{"line":9,"column":34}},"loc":{"start":{"line":9,"column":41},"end":{"line":10,"column":null}},"line":9},"2":{"name":"componentDidCatch","decl":{"start":{"line":13,"column":2},"end":{"line":13,"column":20}},"loc":{"start":{"line":13,"column":38},"end":{"line":14,"column":null}},"line":13},"3":{"name":"render","decl":{"start":{"line":17,"column":2},"end":{"line":17,"column":11}},"loc":{"start":{"line":17,"column":11},"end":{"line":68,"column":null}},"line":17},"4":{"name":"(anonymous_4)","decl":{"start":{"line":50,"column":12},"end":{"line":50,"column":27}},"loc":{"start":{"line":50,"column":27},"end":{"line":50,"column":51}},"line":50}},"branchMap":{"0":{"loc":{"start":{"line":18,"column":4},"end":{"line":63,"column":null}},"type":"if","locations":[{"start":{"line":18,"column":4},"end":{"line":63,"column":null}},{"start":{},"end":{}}],"line":18}},"s":{"0":4,"1":4,"2":2,"3":1,"4":5,"5":2,"6":0,"7":3},"f":{"0":4,"1":1,"2":1,"3":5,"4":0},"b":{"0":[2,3]},"meta":{"lastBranch":1,"lastFunction":5,"lastStatement":8,"seen":{"f:4:2:4:14":0,"s:5:4:5:Infinity":0,"s:6:4:6:Infinity":1,"f:9:9:9:34":1,"s:10:4:10:Infinity":2,"f:13:2:13:20":2,"s:14:4:14:Infinity":3,"f:17:2:17:11":3,"b:18:4:63:Infinity:undefined:undefined:undefined:undefined":0,"s:18:4:63:Infinity":4,"s:19:6:63:Infinity":5,"f:50:12:50:27":4,"s:50:27:50:51":6,"s:68:4:68:Infinity":7},"fnNames":{}}}
,"C:\\wk\\yamag2\\my\\ChartShapeChecker\\src\\components\\Sidebar.jsx": {"path":"C:\\wk\\yamag2\\my\\ChartShapeChecker\\src\\components\\Sidebar.jsx","statementMap":{"0":{"start":{"line":5,"column":6},"end":{"line":84,"column":null}},"1":{"start":{"line":6,"column":21},"end":{"line":6,"column":50}},"2":{"start":{"line":8,"column":26},"end":{"line":10,"column":null}},"3":{"start":{"line":9,"column":4},"end":{"line":10,"column":59}},"4":{"start":{"line":13,"column":2},"end":{"line":84,"column":null}},"5":{"start":{"line":32,"column":29},"end":{"line":32,"column":null}},"6":{"start":{"line":41,"column":12},"end":{"line":73,"column":null}},"7":{"start":{"line":48,"column":29},"end":{"line":48,"column":45}},"8":{"start":{"line":67,"column":18},"end":{"line":67,"column":null}},"9":{"start":{"line":68,"column":18},"end":{"line":68,"column":null}}},"fnMap":{"0":{"name":"(anonymous_0)","decl":{"start":{"line":5,"column":6},"end":{"line":5,"column":17}},"loc":{"start":{"line":5,"column":85},"end":{"line":84,"column":null}},"line":5},"1":{"name":"(anonymous_1)","decl":{"start":{"line":8,"column":34},"end":{"line":8,"column":41}},"loc":{"start":{"line":9,"column":4},"end":{"line":10,"column":59}},"line":9},"2":{"name":"(anonymous_2)","decl":{"start":{"line":32,"column":12},"end":{"line":32,"column":23}},"loc":{"start":{"line":32,"column":29},"end":{"line":32,"column":null}},"line":32},"3":{"name":"(anonymous_3)","decl":{"start":{"line":40,"column":27},"end":{"line":40,"column":32}},"loc":{"start":{"line":41,"column":12},"end":{"line":73,"column":null}},"line":41},"4":{"name":"(anonymous_4)","decl":{"start":{"line":48,"column":14},"end":{"line":48,"column":29}},"loc":{"start":{"line":48,"column":29},"end":{"line":48,"column":45}},"line":48},"5":{"name":"(anonymous_5)","decl":{"start":{"line":66,"column":16},"end":{"line":66,"column":26}},"loc":{"start":{"line":66,"column":32},"end":{"line":68,"column":null}},"line":66}},"branchMap":{"0":{"loc":{"start":{"line":9,"column":4},"end":{"line":10,"column":59}},"type":"binary-expr","locations":[{"start":{"line":9,"column":4},"end":{"line":9,"column":61}},{"start":{"line":10,"column":4},"end":{"line":10,"column":59}}],"line":9},"1":{"loc":{"start":{"line":47,"column":40},"end":{"line":47,"column":null}},"type":"cond-expr","locations":[{"start":{"line":47,"column":83},"end":{"line":47,"column":94}},{"start":{"line":47,"column":94},"end":{"line":47,"column":null}}],"line":47},"2":{"loc":{"start":{"line":58,"column":19},"end":{"line":58,"column":null}},"type":"binary-expr","locations":[{"start":{"line":58,"column":19},"end":{"line":58,"column":33}},{"start":{"line":58,"column":33},"end":{"line":58,"column":null}}],"line":58},"3":{"loc":{"start":{"line":65,"column":42},"end":{"line":65,"column":null}},"type":"cond-expr","locations":[{"start":{"line":65,"column":70},"end":{"line":65,"column":82}},{"start":{"line":65,"column":82},"end":{"line":65,"column":null}}],"line":65},"4":{"loc":{"start":{"line":71,"column":17},"end":{"line":71,"column":null}},"type":"cond-expr","locations":[{"start":{"line":71,"column":45},"end":{"line":71,"column":75}},{"start":{"line":71,"column":74},"end":{"line":71,"column":null}}],"line":71}},"s":{"0":1,"1":4,"2":4,"3":8,"4":4,"5":1,"6":7,"7":1,"8":0,"9":0},"f":{"0":4,"1":8,"2":1,"3":7,"4":1,"5":0},"b":{"0":[8,2],"1":[3,4],"2":[7,7],"3":[0,7],"4":[0,7]},"meta":{"lastBranch":5,"lastFunction":6,"lastStatement":10,"seen":{"s:5:6:84:Infinity":0,"f:5:6:5:17":0,"s:6:21:6:50":1,"s:8:26:10:Infinity":2,"f:8:34:8:41":1,"s:9:4:10:59":3,"b:9:4:9:61:10:4:10:59":0,"s:13:2:84:Infinity":4,"f:32:12:32:23":2,"s:32:29:32:Infinity":5,"f:40:27:40:32":3,"s:41:12:73:Infinity":6,"b:47:83:47:94:47:94:47:Infinity":1,"f:48:14:48:29":4,"s:48:29:48:45":7,"b:58:19:58:33:58:33:58:Infinity":2,"b:65:70:65:82:65:82:65:Infinity":3,"f:66:16:66:26":5,"s:67:18:67:Infinity":8,"s:68:18:68:Infinity":9,"b:71:45:71:75:71:74:71:Infinity":4},"fnNames":{}}}
,"C:\\wk\\yamag2\\my\\ChartShapeChecker\\src\\components\\TickerSelector.jsx": {"path":"C:\\wk\\yamag2\\my\\ChartShapeChecker\\src\\components\\TickerSelector.jsx","statementMap":{"0":{"start":{"line":5,"column":6},"end":{"line":110,"column":null}},"1":{"start":{"line":6,"column":17},"end":{"line":6,"column":45}},"2":{"start":{"line":7,"column":21},"end":{"line":7,"column":50}},"3":{"start":{"line":8,"column":8},"end":{"line":8,"column":34}},"4":{"start":{"line":10,"column":2},"end":{"line":18,"column":null}},"5":{"start":{"line":11,"column":10},"end":{"line":13,"column":null}},"6":{"start":{"line":12,"column":6},"end":{"line":13,"column":null}},"7":{"start":{"line":13,"column":8},"end":{"line":13,"column":null}},"8":{"start":{"line":16,"column":4},"end":{"line":16,"column":null}},"9":{"start":{"line":17,"column":4},"end":{"line":17,"column":null}},"10":{"start":{"line":17,"column":17},"end":{"line":17,"column":78}},"11":{"start":{"line":20,"column":26},"end":{"line":22,"column":null}},"12":{"start":{"line":21,"column":4},"end":{"line":22,"column":59}},"13":{"start":{"line":25,"column":2},"end":{"line":110,"column":null}},"14":{"start":{"line":30,"column":23},"end":{"line":30,"column":41}},"15":{"start":{"line":58,"column":35},"end":{"line":58,"column":null}},"16":{"start":{"line":61,"column":214},"end":{"line":61,"column":231}},"17":{"start":{"line":72,"column":18},"end":{"line":95,"column":null}},"18":{"start":{"line":76,"column":22},"end":{"line":76,"column":null}},"19":{"start":{"line":77,"column":22},"end":{"line":77,"column":null}},"20":{"start":{"line":78,"column":22},"end":{"line":78,"column":null}},"21":{"start":{"line":89,"column":24},"end":{"line":89,"column":null}},"22":{"start":{"line":90,"column":24},"end":{"line":90,"column":null}}},"fnMap":{"0":{"name":"(anonymous_0)","decl":{"start":{"line":5,"column":6},"end":{"line":5,"column":24}},"loc":{"start":{"line":5,"column":92},"end":{"line":110,"column":null}},"line":5},"1":{"name":"(anonymous_1)","decl":{"start":{"line":10,"column":2},"end":{"line":10,"column":18}},"loc":{"start":{"line":10,"column":18},"end":{"line":18,"column":7}},"line":10},"2":{"name":"(anonymous_2)","decl":{"start":{"line":11,"column":10},"end":{"line":11,"column":32}},"loc":{"start":{"line":11,"column":42},"end":{"line":13,"column":null}},"line":11},"3":{"name":"(anonymous_3)","decl":{"start":{"line":17,"column":4},"end":{"line":17,"column":17}},"loc":{"start":{"line":17,"column":17},"end":{"line":17,"column":78}},"line":17},"4":{"name":"(anonymous_4)","decl":{"start":{"line":20,"column":34},"end":{"line":20,"column":41}},"loc":{"start":{"line":21,"column":4},"end":{"line":22,"column":59}},"line":21},"5":{"name":"(anonymous_5)","decl":{"start":{"line":30,"column":8},"end":{"line":30,"column":23}},"loc":{"start":{"line":30,"column":23},"end":{"line":30,"column":41}},"line":30},"6":{"name":"(anonymous_6)","decl":{"start":{"line":58,"column":18},"end":{"line":58,"column":29}},"loc":{"start":{"line":58,"column":35},"end":{"line":58,"column":null}},"line":58},"7":{"name":"(anonymous_7)","decl":{"start":{"line":61,"column":199},"end":{"line":61,"column":214}},"loc":{"start":{"line":61,"column":214},"end":{"line":61,"column":231}},"line":61},"8":{"name":"(anonymous_8)","decl":{"start":{"line":71,"column":32},"end":{"line":71,"column":36}},"loc":{"start":{"line":72,"column":18},"end":{"line":95,"column":null}},"line":72},"9":{"name":"(anonymous_9)","decl":{"start":{"line":75,"column":20},"end":{"line":75,"column":35}},"loc":{"start":{"line":75,"column":35},"end":{"line":78,"column":null}},"line":75},"10":{"name":"(anonymous_10)","decl":{"start":{"line":88,"column":22},"end":{"line":88,"column":32}},"loc":{"start":{"line":88,"column":38},"end":{"line":90,"column":null}},"line":88}},"branchMap":{"0":{"loc":{"start":{"line":12,"column":6},"end":{"line":13,"column":null}},"type":"if","locations":[{"start":{"line":12,"column":6},"end":{"line":13,"column":null}},{"start":{},"end":{}}],"line":12},"1":{"loc":{"start":{"line":12,"column":10},"end":{"line":12,"column":76}},"type":"binary-expr","locations":[{"start":{"line":12,"column":10},"end":{"line":12,"column":33}},{"start":{"line":12,"column":33},"end":{"line":12,"column":76}}],"line":12},"2":{"loc":{"start":{"line":21,"column":4},"end":{"line":22,"column":59}},"type":"binary-expr","locations":[{"start":{"line":21,"column":4},"end":{"line":21,"column":61}},{"start":{"line":22,"column":4},"end":{"line":22,"column":59}}],"line":21},"3":{"loc":{"start":{"line":29,"column":39},"end":{"line":29,"column":null}},"type":"cond-expr","locations":[{"start":{"line":29,"column":48},"end":{"line":29,"column":59}},{"start":{"line":29,"column":59},"end":{"line":29,"column":null}}],"line":29},"4":{"loc":{"start":{"line":33,"column":48},"end":{"line":33,"column":87}},"type":"binary-expr","locations":[{"start":{"line":33,"column":48},"end":{"line":33,"column":74}},{"start":{"line":33,"column":74},"end":{"line":33,"column":87}}],"line":33},"5":{"loc":{"start":{"line":34,"column":50},"end":{"line":34,"column":89}},"type":"binary-expr","locations":[{"start":{"line":34,"column":50},"end":{"line":34,"column":74}},{"start":{"line":34,"column":74},"end":{"line":34,"column":89}}],"line":34},"6":{"loc":{"start":{"line":36,"column":61},"end":{"line":36,"column":90}},"type":"cond-expr","locations":[{"start":{"line":36,"column":70},"end":{"line":36,"column":82}},{"start":{"line":36,"column":82},"end":{"line":36,"column":90}}],"line":36},"7":{"loc":{"start":{"line":41,"column":9},"end":{"line":110,"column":null}},"type":"binary-expr","locations":[{"start":{"line":41,"column":9},"end":{"line":41,"column":null}},{"start":{"line":42,"column":10},"end":{"line":110,"column":null}}],"line":41},"8":{"loc":{"start":{"line":60,"column":17},"end":{"line":63,"column":null}},"type":"binary-expr","locations":[{"start":{"line":60,"column":17},"end":{"line":60,"column":null}},{"start":{"line":61,"column":18},"end":{"line":63,"column":null}}],"line":60},"9":{"loc":{"start":{"line":70,"column":15},"end":{"line":100,"column":null}},"type":"cond-expr","locations":[{"start":{"line":71,"column":16},"end":{"line":95,"column":null}},{"start":{"line":98,"column":16},"end":{"line":100,"column":null}}],"line":70},"10":{"loc":{"start":{"line":74,"column":48},"end":{"line":74,"column":null}},"type":"cond-expr","locations":[{"start":{"line":74,"column":91},"end":{"line":74,"column":102}},{"start":{"line":74,"column":102},"end":{"line":74,"column":null}}],"line":74},"11":{"loc":{"start":{"line":86,"column":48},"end":{"line":86,"column":null}},"type":"cond-expr","locations":[{"start":{"line":86,"column":76},"end":{"line":86,"column":88}},{"start":{"line":86,"column":88},"end":{"line":86,"column":null}}],"line":86},"12":{"loc":{"start":{"line":93,"column":23},"end":{"line":93,"column":null}},"type":"cond-expr","locations":[{"start":{"line":93,"column":51},"end":{"line":93,"column":81}},{"start":{"line":93,"column":80},"end":{"line":93,"column":null}}],"line":93}},"s":{"0":2,"1":23,"2":23,"3":23,"4":23,"5":8,"6":1,"7":1,"8":8,"9":8,"10":8,"11":23,"12":316,"13":23,"14":2,"15":1,"16":1,"17":7,"18":1,"19":1,"20":1,"21":1,"22":1},"f":{"0":23,"1":8,"2":1,"3":8,"4":316,"5":2,"6":1,"7":1,"8":7,"9":1,"10":1},"b":{"0":[1,0],"1":[1,1],"2":[316,2],"3":[4,19],"4":[23,6],"5":[23,6],"6":[4,19],"7":[23,4],"8":[4,1],"9":[4,0],"10":[4,3],"11":[4,3],"12":[4,3]},"meta":{"lastBranch":13,"lastFunction":11,"lastStatement":23,"seen":{"s:5:6:110:Infinity":0,"f:5:6:5:24":0,"s:6:17:6:45":1,"s:7:21:7:50":2,"s:8:8:8:34":3,"s:10:2:18:Infinity":4,"f:10:2:10:18":1,"s:11:10:13:Infinity":5,"f:11:10:11:32":2,"b:12:6:13:Infinity:undefined:undefined:undefined:undefined":0,"s:12:6:13:Infinity":6,"b:12:10:12:33:12:33:12:76":1,"s:13:8:13:Infinity":7,"s:16:4:16:Infinity":8,"s:17:4:17:Infinity":9,"f:17:4:17:17":3,"s:17:17:17:78":10,"s:20:26:22:Infinity":11,"f:20:34:20:41":4,"s:21:4:22:59":12,"b:21:4:21:61:22:4:22:59":2,"s:25:2:110:Infinity":13,"b:29:48:29:59:29:59:29:Infinity":3,"f:30:8:30:23":5,"s:30:23:30:41":14,"b:33:48:33:74:33:74:33:87":4,"b:34:50:34:74:34:74:34:89":5,"b:36:70:36:82:36:82:36:90":6,"b:41:9:41:Infinity:42:10:110:Infinity":7,"f:58:18:58:29":6,"s:58:35:58:Infinity":15,"b:60:17:60:Infinity:61:18:63:Infinity":8,"f:61:199:61:214":7,"s:61:214:61:231":16,"b:71:16:95:Infinity:98:16:100:Infinity":9,"f:71:32:71:36":8,"s:72:18:95:Infinity":17,"b:74:91:74:102:74:102:74:Infinity":10,"f:75:20:75:35":9,"s:76:22:76:Infinity":18,"s:77:22:77:Infinity":19,"s:78:22:78:Infinity":20,"b:86:76:86:88:86:88:86:Infinity":11,"f:88:22:88:32":10,"s:89:24:89:Infinity":21,"s:90:24:90:Infinity":22,"b:93:51:93:81:93:80:93:Infinity":12},"fnNames":{}}}
,"C:\\wk\\yamag2\\my\\ChartShapeChecker\\src\\components\\common\\Toast.jsx": {"path":"C:\\wk\\yamag2\\my\\ChartShapeChecker\\src\\components\\common\\Toast.jsx","statementMap":{"0":{"start":{"line":11,"column":6},"end":{"line":25,"column":null}},"1":{"start":{"line":12,"column":2},"end":{"line":15,"column":null}},"2":{"start":{"line":13,"column":18},"end":{"line":13,"column":43}},"3":{"start":{"line":14,"column":4},"end":{"line":14,"column":null}},"4":{"start":{"line":14,"column":17},"end":{"line":14,"column":36}},"5":{"start":{"line":17,"column":2},"end":{"line":25,"column":null}}},"fnMap":{"0":{"name":"(anonymous_0)","decl":{"start":{"line":11,"column":6},"end":{"line":11,"column":15}},"loc":{"start":{"line":11,"column":40},"end":{"line":25,"column":null}},"line":11},"1":{"name":"(anonymous_1)","decl":{"start":{"line":12,"column":2},"end":{"line":12,"column":18}},"loc":{"start":{"line":12,"column":18},"end":{"line":15,"column":6}},"line":12},"2":{"name":"(anonymous_2)","decl":{"start":{"line":14,"column":4},"end":{"line":14,"column":17}},"loc":{"start":{"line":14,"column":17},"end":{"line":14,"column":36}},"line":14}},"branchMap":{},"s":{"0":2,"1":1,"2":1,"3":1,"4":1,"5":1},"f":{"0":1,"1":1,"2":1},"b":{},"meta":{"lastBranch":0,"lastFunction":3,"lastStatement":6,"seen":{"s:11:6:25:Infinity":0,"f:11:6:11:15":0,"s:12:2:15:Infinity":1,"f:12:2:12:18":1,"s:13:18:13:43":2,"s:14:4:14:Infinity":3,"f:14:4:14:17":2,"s:14:17:14:36":4,"s:17:2:25:Infinity":5},"fnNames":{}}}
,"C:\\wk\\yamag2\\my\\ChartShapeChecker\\src\\config\\constants.js": {"path":"C:\\wk\\yamag2\\my\\ChartShapeChecker\\src\\config\\constants.js","statementMap":{"0":{"start":{"line":1,"column":23},"end":{"line":1,"column":null}},"1":{"start":{"line":3,"column":26},"end":{"line":7,"column":null}},"2":{"start":{"line":4,"column":19},"end":{"line":4,"column":null}},"3":{"start":{"line":5,"column":21},"end":{"line":5,"column":null}},"4":{"start":{"line":6,"column":20},"end":{"line":6,"column":null}}},"fnMap":{"0":{"name":"(anonymous_0)","decl":{"start":{"line":4,"column":2},"end":{"line":4,"column":12}},"loc":{"start":{"line":4,"column":19},"end":{"line":4,"column":null}},"line":4},"1":{"name":"(anonymous_1)","decl":{"start":{"line":5,"column":2},"end":{"line":5,"column":14}},"loc":{"start":{"line":5,"column":21},"end":{"line":5,"column":null}},"line":5},"2":{"name":"(anonymous_2)","decl":{"start":{"line":6,"column":2},"end":{"line":6,"column":13}},"loc":{"start":{"line":6,"column":20},"end":{"line":6,"column":null}},"line":6}},"branchMap":{},"s":{"0":2,"1":2,"2":20,"3":18,"4":0},"f":{"0":20,"1":18,"2":0},"b":{},"meta":{"lastBranch":0,"lastFunction":3,"lastStatement":5,"seen":{"s:1:23:1:Infinity":0,"s:3:26:7:Infinity":1,"f:4:2:4:12":0,"s:4:19:4:Infinity":2,"f:5:2:5:14":1,"s:5:21:5:Infinity":3,"f:6:2:6:13":2,"s:6:20:6:Infinity":4},"fnNames":{}}}
,"C:\\wk\\yamag2\\my\\ChartShapeChecker\\src\\data\\tickers.js": {"path":"C:\\wk\\yamag2\\my\\ChartShapeChecker\\src\\data\\tickers.js","statementMap":{"0":{"start":{"line":1,"column":23},"end":{"line":142,"column":null}}},"fnMap":{},"branchMap":{},"s":{"0":1},"f":{},"b":{},"meta":{"lastBranch":0,"lastFunction":0,"lastStatement":1,"seen":{"s:1:23:142:Infinity":0},"fnNames":{}}}
,"C:\\wk\\yamag2\\my\\ChartShapeChecker\\src\\hooks\\useTickerState.js": {"path":"C:\\wk\\yamag2\\my\\ChartShapeChecker\\src\\hooks\\useTickerState.js","statementMap":{"0":{"start":{"line":8,"column":13},"end":{"line":93,"column":null}},"1":{"start":{"line":9,"column":25},"end":{"line":9,"column":60}},"2":{"start":{"line":10,"column":21},"end":{"line":10,"column":50}},"3":{"start":{"line":11,"column":22},"end":{"line":11,"column":52}},"4":{"start":{"line":14,"column":2},"end":{"line":28,"column":null}},"5":{"start":{"line":15,"column":24},"end":{"line":15,"column":65}},"6":{"start":{"line":16,"column":4},"end":{"line":20,"column":null}},"7":{"start":{"line":17,"column":6},"end":{"line":20,"column":null}},"8":{"start":{"line":18,"column":8},"end":{"line":18,"column":null}},"9":{"start":{"line":20,"column":8},"end":{"line":20,"column":null}},"10":{"start":{"line":25,"column":4},"end":{"line":26,"column":null}},"11":{"start":{"line":26,"column":6},"end":{"line":26,"column":null}},"12":{"start":{"line":31,"column":2},"end":{"line":40,"column":null}},"13":{"start":{"line":32,"column":18},"end":{"line":32,"column":61}},"14":{"start":{"line":33,"column":4},"end":{"line":37,"column":null}},"15":{"start":{"line":34,"column":6},"end":{"line":37,"column":null}},"16":{"start":{"line":35,"column":8},"end":{"line":35,"column":null}},"17":{"start":{"line":37,"column":8},"end":{"line":37,"column":null}},"18":{"start":{"line":43,"column":2},"end":{"line":45,"column":null}},"19":{"start":{"line":44,"column":4},"end":{"line":44,"column":null}},"20":{"start":{"line":47,"column":8},"end":{"line":50,"column":null}},"21":{"start":{"line":48,"column":4},"end":{"line":50,"column":null}},"22":{"start":{"line":49,"column":6},"end":{"line":49,"column":68}},"23":{"start":{"line":49,"column":43},"end":{"line":49,"column":52}},"24":{"start":{"line":53,"column":8},"end":{"line":56,"column":null}},"25":{"start":{"line":54,"column":22},"end":{"line":54,"column":null}},"26":{"start":{"line":55,"column":4},"end":{"line":55,"column":null}},"27":{"start":{"line":56,"column":4},"end":{"line":56,"column":null}},"28":{"start":{"line":59,"column":8},"end":{"line":66,"column":null}},"29":{"start":{"line":60,"column":4},"end":{"line":66,"column":null}},"30":{"start":{"line":61,"column":6},"end":{"line":61,"column":null}},"31":{"start":{"line":61,"column":32},"end":{"line":61,"column":null}},"32":{"start":{"line":62,"column":27},"end":{"line":62,"column":82}},"33":{"start":{"line":62,"column":50},"end":{"line":62,"column":82}},"34":{"start":{"line":63,"column":6},"end":{"line":63,"column":null}},"35":{"start":{"line":63,"column":31},"end":{"line":63,"column":null}},"36":{"start":{"line":64,"column":12},"end":{"line":64,"column":null}},"37":{"start":{"line":65,"column":6},"end":{"line":65,"column":null}},"38":{"start":{"line":69,"column":8},"end":{"line":76,"column":null}},"39":{"start":{"line":70,"column":4},"end":{"line":76,"column":null}},"40":{"start":{"line":71,"column":6},"end":{"line":71,"column":null}},"41":{"start":{"line":71,"column":32},"end":{"line":71,"column":null}},"42":{"start":{"line":72,"column":27},"end":{"line":72,"column":82}},"43":{"start":{"line":72,"column":50},"end":{"line":72,"column":82}},"44":{"start":{"line":73,"column":6},"end":{"line":73,"column":null}},"45":{"start":{"line":73,"column":31},"end":{"line":73,"column":null}},"46":{"start":{"line":74,"column":12},"end":{"line":74,"column":null}},"47":{"start":{"line":75,"column":6},"end":{"line":75,"column":null}},"48":{"start":{"line":79,"column":8},"end":{"line":80,"column":null}},"49":{"start":{"line":80,"column":4},"end":{"line":80,"column":null}},"50":{"start":{"line":83,"column":2},"end":{"line":93,"column":null}}},"fnMap":{"0":{"name":"(anonymous_0)","decl":{"start":{"line":8,"column":13},"end":{"line":8,"column":36}},"loc":{"start":{"line":8,"column":36},"end":{"line":93,"column":null}},"line":8},"1":{"name":"(anonymous_1)","decl":{"start":{"line":14,"column":2},"end":{"line":14,"column":18}},"loc":{"start":{"line":14,"column":18},"end":{"line":28,"column":7}},"line":14},"2":{"name":"(anonymous_2)","decl":{"start":{"line":31,"column":2},"end":{"line":31,"column":18}},"loc":{"start":{"line":31,"column":18},"end":{"line":40,"column":7}},"line":31},"3":{"name":"(anonymous_3)","decl":{"start":{"line":43,"column":2},"end":{"line":43,"column":18}},"loc":{"start":{"line":43,"column":18},"end":{"line":45,"column":6}},"line":43},"4":{"name":"(anonymous_4)","decl":{"start":{"line":47,"column":8},"end":{"line":47,"column":24}},"loc":{"start":{"line":47,"column":31},"end":{"line":50,"column":null}},"line":47},"5":{"name":"(anonymous_5)","decl":{"start":{"line":48,"column":4},"end":{"line":48,"column":19}},"loc":{"start":{"line":49,"column":6},"end":{"line":49,"column":68}},"line":49},"6":{"name":"(anonymous_6)","decl":{"start":{"line":49,"column":31},"end":{"line":49,"column":38}},"loc":{"start":{"line":49,"column":43},"end":{"line":49,"column":52}},"line":49},"7":{"name":"(anonymous_7)","decl":{"start":{"line":53,"column":8},"end":{"line":53,"column":28}},"loc":{"start":{"line":53,"column":39},"end":{"line":56,"column":null}},"line":53},"8":{"name":"(anonymous_8)","decl":{"start":{"line":59,"column":8},"end":{"line":59,"column":27}},"loc":{"start":{"line":59,"column":27},"end":{"line":66,"column":null}},"line":59},"9":{"name":"(anonymous_9)","decl":{"start":{"line":60,"column":4},"end":{"line":60,"column":22}},"loc":{"start":{"line":60,"column":36},"end":{"line":66,"column":null}},"line":60},"10":{"name":"(anonymous_10)","decl":{"start":{"line":62,"column":35},"end":{"line":62,"column":45}},"loc":{"start":{"line":62,"column":50},"end":{"line":62,"column":82}},"line":62},"11":{"name":"(anonymous_11)","decl":{"start":{"line":69,"column":8},"end":{"line":69,"column":27}},"loc":{"start":{"line":69,"column":27},"end":{"line":76,"column":null}},"line":69},"12":{"name":"(anonymous_12)","decl":{"start":{"line":70,"column":4},"end":{"line":70,"column":22}},"loc":{"start":{"line":70,"column":36},"end":{"line":76,"column":null}},"line":70},"13":{"name":"(anonymous_13)","decl":{"start":{"line":72,"column":35},"end":{"line":72,"column":45}},"loc":{"start":{"line":72,"column":50},"end":{"line":72,"column":82}},"line":72},"14":{"name":"(anonymous_14)","decl":{"start":{"line":79,"column":8},"end":{"line":79,"column":37}},"loc":{"start":{"line":79,"column":37},"end":{"line":80,"column":null}},"line":79}},"branchMap":{"0":{"loc":{"start":{"line":16,"column":4},"end":{"line":20,"column":null}},"type":"if","locations":[{"start":{"line":16,"column":4},"end":{"line":20,"column":null}},{"start":{},"end":{}}],"line":16},"1":{"loc":{"start":{"line":25,"column":4},"end":{"line":26,"column":null}},"type":"if","locations":[{"start":{"line":25,"column":4},"end":{"line":26,"column":null}},{"start":{},"end":{}}],"line":25},"2":{"loc":{"start":{"line":33,"column":4},"end":{"line":37,"column":null}},"type":"if","locations":[{"start":{"line":33,"column":4},"end":{"line":37,"column":null}},{"start":{},"end":{}}],"line":33},"3":{"loc":{"start":{"line":49,"column":6},"end":{"line":49,"column":68}},"type":"cond-expr","locations":[{"start":{"line":49,"column":26},"end":{"line":49,"column":52}},{"start":{"line":49,"column":55},"end":{"line":49,"column":68}}],"line":49},"4":{"loc":{"start":{"line":61,"column":6},"end":{"line":61,"column":null}},"type":"if","locations":[{"start":{"line":61,"column":6},"end":{"line":61,"column":null}},{"start":{},"end":{}}],"line":61},"5":{"loc":{"start":{"line":63,"column":6},"end":{"line":63,"column":null}},"type":"if","locations":[{"start":{"line":63,"column":6},"end":{"line":63,"column":null}},{"start":{},"end":{}}],"line":63},"6":{"loc":{"start":{"line":71,"column":6},"end":{"line":71,"column":null}},"type":"if","locations":[{"start":{"line":71,"column":6},"end":{"line":71,"column":null}},{"start":{},"end":{}}],"line":71},"7":{"loc":{"start":{"line":73,"column":6},"end":{"line":73,"column":null}},"type":"if","locations":[{"start":{"line":73,"column":6},"end":{"line":73,"column":null}},{"start":{},"end":{}}],"line":73}},"s":{"0":1,"1":15,"2":15,"3":15,"4":15,"5":6,"6":6,"7":1,"8":1,"9":1,"10":6,"11":6,"12":15,"13":6,"14":6,"15":3,"16":3,"17":1,"18":15,"19":9,"20":15,"21":0,"22":0,"23":0,"24":15,"25":0,"26":0,"27":0,"28":15,"29":1,"30":1,"31":0,"32":1,"33":2,"34":1,"35":0,"36":1,"37":1,"38":15,"39":1,"40":1,"41":0,"42":1,"43":1,"44":1,"45":0,"46":1,"47":1,"48":15,"49":1,"50":15},"f":{"0":15,"1":6,"2":6,"3":9,"4":0,"5":0,"6":0,"7":0,"8":1,"9":1,"10":2,"11":1,"12":1,"13":1,"14":1},"b":{"0":[1,5],"1":[6,0],"2":[3,3],"3":[0,0],"4":[0,1],"5":[0,1],"6":[0,1],"7":[0,1]},"meta":{"lastBranch":8,"lastFunction":15,"lastStatement":51,"seen":{"s:8:13:93:Infinity":0,"f:8:13:8:36":0,"s:9:25:9:60":1,"s:10:21:10:50":2,"s:11:22:11:52":3,"s:14:2:28:Infinity":4,"f:14:2:14:18":1,"s:15:24:15:65":5,"b:16:4:20:Infinity:undefined:undefined:undefined:undefined":0,"s:16:4:20:Infinity":6,"s:17:6:20:Infinity":7,"s:18:8:18:Infinity":8,"s:20:8:20:Infinity":9,"b:25:4:26:Infinity:undefined:undefined:undefined:undefined":1,"s:25:4:26:Infinity":10,"s:26:6:26:Infinity":11,"s:31:2:40:Infinity":12,"f:31:2:31:18":2,"s:32:18:32:61":13,"b:33:4:37:Infinity:undefined:undefined:undefined:undefined":2,"s:33:4:37:Infinity":14,"s:34:6:37:Infinity":15,"s:35:8:35:Infinity":16,"s:37:8:37:Infinity":17,"s:43:2:45:Infinity":18,"f:43:2:43:18":3,"s:44:4:44:Infinity":19,"s:47:8:50:Infinity":20,"f:47:8:47:24":4,"s:48:4:50:Infinity":21,"f:48:4:48:19":5,"s:49:6:49:68":22,"b:49:26:49:52:49:55:49:68":3,"f:49:31:49:38":6,"s:49:43:49:52":23,"s:53:8:56:Infinity":24,"f:53:8:53:28":7,"s:54:22:54:Infinity":25,"s:55:4:55:Infinity":26,"s:56:4:56:Infinity":27,"s:59:8:66:Infinity":28,"f:59:8:59:27":8,"s:60:4:66:Infinity":29,"f:60:4:60:22":9,"b:61:6:61:Infinity:undefined:undefined:undefined:undefined":4,"s:61:6:61:Infinity":30,"s:61:32:61:Infinity":31,"s:62:27:62:82":32,"f:62:35:62:45":10,"s:62:50:62:82":33,"b:63:6:63:Infinity:undefined:undefined:undefined:undefined":5,"s:63:6:63:Infinity":34,"s:63:31:63:Infinity":35,"s:64:12:64:Infinity":36,"s:65:6:65:Infinity":37,"s:69:8:76:Infinity":38,"f:69:8:69:27":11,"s:70:4:76:Infinity":39,"f:70:4:70:22":12,"b:71:6:71:Infinity:undefined:undefined:undefined:undefined":6,"s:71:6:71:Infinity":40,"s:71:32:71:Infinity":41,"s:72:27:72:82":42,"f:72:35:72:45":13,"s:72:50:72:82":43,"b:73:6:73:Infinity:undefined:undefined:undefined:undefined":7,"s:73:6:73:Infinity":44,"s:73:31:73:Infinity":45,"s:74:12:74:Infinity":46,"s:75:6:75:Infinity":47,"s:79:8:80:Infinity":48,"f:79:8:79:37":14,"s:80:4:80:Infinity":49,"s:83:2:93:Infinity":50},"fnNames":{}}}
,"C:\\wk\\yamag2\\my\\ChartShapeChecker\\src\\services\\gasApi.js": {"path":"C:\\wk\\yamag2\\my\\ChartShapeChecker\\src\\services\\gasApi.js","statementMap":{"0":{"start":{"line":8,"column":40},"end":{"line":23,"column":null}},"1":{"start":{"line":9,"column":2},"end":{"line":10,"column":null}},"2":{"start":{"line":10,"column":4},"end":{"line":10,"column":null}},"3":{"start":{"line":13,"column":19},"end":{"line":21,"column":4}},"4":{"start":{"line":23,"column":2},"end":{"line":23,"column":null}}},"fnMap":{"0":{"name":"(anonymous_0)","decl":{"start":{"line":8,"column":40},"end":{"line":8,"column":47}},"loc":{"start":{"line":8,"column":65},"end":{"line":23,"column":null}},"line":8}},"branchMap":{"0":{"loc":{"start":{"line":9,"column":2},"end":{"line":10,"column":null}},"type":"if","locations":[{"start":{"line":9,"column":2},"end":{"line":10,"column":null}},{"start":{},"end":{}}],"line":9}},"s":{"0":1,"1":1,"2":0,"3":1,"4":1},"f":{"0":1},"b":{"0":[0,1]},"meta":{"lastBranch":1,"lastFunction":1,"lastStatement":5,"seen":{"s:8:40:23:Infinity":0,"f:8:40:8:47":0,"b:9:2:10:Infinity:undefined:undefined:undefined:undefined":0,"s:9:2:10:Infinity":1,"s:10:4:10:Infinity":2,"s:13:19:21:4":3,"s:23:2:23:Infinity":4},"fnNames":{}}}
}
