{"C:\\wk\\yamag2\\my\\ChartShapeChecker\\src\\App.jsx": {"path":"C:\\wk\\yamag2\\my\\ChartShapeChecker\\src\\App.jsx","statementMap":{"0":{"start":{"line":7,"column":25},"end":{"line":7,"column":60}},"1":{"start":{"line":8,"column":21},"end":{"line":8,"column":50}},"2":{"start":{"line":9,"column":22},"end":{"line":9,"column":52}},"3":{"start":{"line":12,"column":8},"end":{"line":15,"column":null}},"4":{"start":{"line":13,"column":4},"end":{"line":15,"column":null}},"5":{"start":{"line":14,"column":6},"end":{"line":14,"column":68}},"6":{"start":{"line":14,"column":43},"end":{"line":14,"column":52}},"7":{"start":{"line":19,"column":2},"end":{"line":33,"column":null}},"8":{"start":{"line":20,"column":24},"end":{"line":20,"column":65}},"9":{"start":{"line":21,"column":4},"end":{"line":25,"column":null}},"10":{"start":{"line":22,"column":6},"end":{"line":25,"column":null}},"11":{"start":{"line":23,"column":8},"end":{"line":23,"column":null}},"12":{"start":{"line":25,"column":8},"end":{"line":25,"column":null}},"13":{"start":{"line":30,"column":4},"end":{"line":31,"column":null}},"14":{"start":{"line":31,"column":6},"end":{"line":31,"column":null}},"15":{"start":{"line":35,"column":8},"end":{"line":38,"column":null}},"16":{"start":{"line":36,"column":22},"end":{"line":36,"column":null}},"17":{"start":{"line":37,"column":4},"end":{"line":37,"column":null}},"18":{"start":{"line":38,"column":4},"end":{"line":38,"column":null}},"19":{"start":{"line":41,"column":8},"end":{"line":48,"column":null}},"20":{"start":{"line":42,"column":4},"end":{"line":48,"column":null}},"21":{"start":{"line":43,"column":6},"end":{"line":43,"column":null}},"22":{"start":{"line":43,"column":32},"end":{"line":43,"column":null}},"23":{"start":{"line":44,"column":27},"end":{"line":44,"column":82}},"24":{"start":{"line":44,"column":50},"end":{"line":44,"column":82}},"25":{"start":{"line":45,"column":6},"end":{"line":45,"column":null}},"26":{"start":{"line":45,"column":31},"end":{"line":45,"column":null}},"27":{"start":{"line":46,"column":12},"end":{"line":46,"column":null}},"28":{"start":{"line":47,"column":6},"end":{"line":47,"column":null}},"29":{"start":{"line":51,"column":8},"end":{"line":58,"column":null}},"30":{"start":{"line":52,"column":4},"end":{"line":58,"column":null}},"31":{"start":{"line":53,"column":6},"end":{"line":53,"column":null}},"32":{"start":{"line":53,"column":32},"end":{"line":53,"column":null}},"33":{"start":{"line":54,"column":27},"end":{"line":54,"column":82}},"34":{"start":{"line":54,"column":50},"end":{"line":54,"column":82}},"35":{"start":{"line":55,"column":6},"end":{"line":55,"column":null}},"36":{"start":{"line":55,"column":31},"end":{"line":55,"column":null}},"37":{"start":{"line":56,"column":12},"end":{"line":56,"column":null}},"38":{"start":{"line":57,"column":6},"end":{"line":57,"column":null}},"39":{"start":{"line":62,"column":28},"end":{"line":98,"column":null}},"40":{"start":{"line":63,"column":20},"end":{"line":63,"column":null}},"41":{"start":{"line":65,"column":34},"end":{"line":84,"column":null}},"42":{"start":{"line":66,"column":19},"end":{"line":66,"column":45}},"43":{"start":{"line":70,"column":26},"end":{"line":70,"column":58}},"44":{"start":{"line":73,"column":22},"end":{"line":73,"column":42}},"45":{"start":{"line":74,"column":23},"end":{"line":74,"column":null}},"46":{"start":{"line":77,"column":21},"end":{"line":77,"column":null}},"47":{"start":{"line":79,"column":8},"end":{"line":83,"column":null}},"48":{"start":{"line":86,"column":4},"end":{"line":98,"column":null}},"49":{"start":{"line":87,"column":23},"end":{"line":95,"column":8}},"50":{"start":{"line":96,"column":6},"end":{"line":96,"column":null}},"51":{"start":{"line":98,"column":6},"end":{"line":98,"column":null}},"52":{"start":{"line":103,"column":8},"end":{"line":104,"column":null}},"53":{"start":{"line":104,"column":4},"end":{"line":104,"column":null}},"54":{"start":{"line":108,"column":2},"end":{"line":123,"column":null}},"55":{"start":{"line":109,"column":10},"end":{"line":118,"column":null}},"56":{"start":{"line":110,"column":6},"end":{"line":111,"column":null}},"57":{"start":{"line":111,"column":8},"end":{"line":111,"column":null}},"58":{"start":{"line":113,"column":6},"end":{"line":118,"column":null}},"59":{"start":{"line":114,"column":8},"end":{"line":114,"column":null}},"60":{"start":{"line":115,"column":8},"end":{"line":115,"column":null}},"61":{"start":{"line":116,"column":17},"end":{"line":118,"column":null}},"62":{"start":{"line":117,"column":8},"end":{"line":117,"column":null}},"63":{"start":{"line":118,"column":8},"end":{"line":118,"column":null}},"64":{"start":{"line":121,"column":4},"end":{"line":121,"column":null}},"65":{"start":{"line":122,"column":4},"end":{"line":122,"column":null}},"66":{"start":{"line":122,"column":17},"end":{"line":122,"column":69}},"67":{"start":{"line":126,"column":2},"end":{"line":129,"column":null}},"68":{"start":{"line":127,"column":18},"end":{"line":127,"column":61}},"69":{"start":{"line":128,"column":4},"end":{"line":128,"column":null}},"70":{"start":{"line":128,"column":15},"end":{"line":128,"column":null}},"71":{"start":{"line":132,"column":2},"end":{"line":134,"column":null}},"72":{"start":{"line":133,"column":4},"end":{"line":133,"column":null}},"73":{"start":{"line":136,"column":2},"end":{"line":178,"column":null}},"74":{"start":{"line":176,"column":29},"end":{"line":176,"column":59}}},"fnMap":{"0":{"name":"App","decl":{"start":{"line":6,"column":9},"end":{"line":6,"column":15}},"loc":{"start":{"line":6,"column":15},"end":{"line":178,"column":null}},"line":6},"1":{"name":"(anonymous_1)","decl":{"start":{"line":12,"column":8},"end":{"line":12,"column":24}},"loc":{"start":{"line":12,"column":31},"end":{"line":15,"column":null}},"line":12},"2":{"name":"(anonymous_2)","decl":{"start":{"line":13,"column":4},"end":{"line":13,"column":19}},"loc":{"start":{"line":14,"column":6},"end":{"line":14,"column":68}},"line":14},"3":{"name":"(anonymous_3)","decl":{"start":{"line":14,"column":31},"end":{"line":14,"column":38}},"loc":{"start":{"line":14,"column":43},"end":{"line":14,"column":52}},"line":14},"4":{"name":"(anonymous_4)","decl":{"start":{"line":19,"column":2},"end":{"line":19,"column":18}},"loc":{"start":{"line":19,"column":18},"end":{"line":33,"column":7}},"line":19},"5":{"name":"(anonymous_5)","decl":{"start":{"line":35,"column":8},"end":{"line":35,"column":28}},"loc":{"start":{"line":35,"column":39},"end":{"line":38,"column":null}},"line":35},"6":{"name":"(anonymous_6)","decl":{"start":{"line":41,"column":8},"end":{"line":41,"column":27}},"loc":{"start":{"line":41,"column":27},"end":{"line":48,"column":null}},"line":41},"7":{"name":"(anonymous_7)","decl":{"start":{"line":42,"column":4},"end":{"line":42,"column":22}},"loc":{"start":{"line":42,"column":36},"end":{"line":48,"column":null}},"line":42},"8":{"name":"(anonymous_8)","decl":{"start":{"line":44,"column":35},"end":{"line":44,"column":45}},"loc":{"start":{"line":44,"column":50},"end":{"line":44,"column":82}},"line":44},"9":{"name":"(anonymous_9)","decl":{"start":{"line":51,"column":8},"end":{"line":51,"column":27}},"loc":{"start":{"line":51,"column":27},"end":{"line":58,"column":null}},"line":51},"10":{"name":"(anonymous_10)","decl":{"start":{"line":52,"column":4},"end":{"line":52,"column":22}},"loc":{"start":{"line":52,"column":36},"end":{"line":58,"column":null}},"line":52},"11":{"name":"(anonymous_11)","decl":{"start":{"line":54,"column":35},"end":{"line":54,"column":45}},"loc":{"start":{"line":54,"column":50},"end":{"line":54,"column":82}},"line":54},"12":{"name":"(anonymous_12)","decl":{"start":{"line":62,"column":28},"end":{"line":62,"column":35}},"loc":{"start":{"line":62,"column":43},"end":{"line":98,"column":null}},"line":62},"13":{"name":"(anonymous_13)","decl":{"start":{"line":66,"column":7},"end":{"line":66,"column":14}},"loc":{"start":{"line":66,"column":19},"end":{"line":66,"column":45}},"line":66},"14":{"name":"(anonymous_14)","decl":{"start":{"line":67,"column":7},"end":{"line":67,"column":11}},"loc":{"start":{"line":67,"column":16},"end":{"line":84,"column":null}},"line":67},"15":{"name":"(anonymous_15)","decl":{"start":{"line":103,"column":8},"end":{"line":103,"column":37}},"loc":{"start":{"line":103,"column":37},"end":{"line":104,"column":null}},"line":103},"16":{"name":"(anonymous_16)","decl":{"start":{"line":108,"column":2},"end":{"line":108,"column":18}},"loc":{"start":{"line":108,"column":18},"end":{"line":123,"column":7}},"line":108},"17":{"name":"(anonymous_17)","decl":{"start":{"line":109,"column":10},"end":{"line":109,"column":27}},"loc":{"start":{"line":109,"column":33},"end":{"line":118,"column":null}},"line":109},"18":{"name":"(anonymous_18)","decl":{"start":{"line":122,"column":4},"end":{"line":122,"column":17}},"loc":{"start":{"line":122,"column":17},"end":{"line":122,"column":69}},"line":122},"19":{"name":"(anonymous_19)","decl":{"start":{"line":126,"column":2},"end":{"line":126,"column":18}},"loc":{"start":{"line":126,"column":18},"end":{"line":129,"column":7}},"line":126},"20":{"name":"(anonymous_20)","decl":{"start":{"line":132,"column":2},"end":{"line":132,"column":18}},"loc":{"start":{"line":132,"column":18},"end":{"line":134,"column":6}},"line":132},"21":{"name":"(anonymous_21)","decl":{"start":{"line":176,"column":14},"end":{"line":176,"column":29}},"loc":{"start":{"line":176,"column":29},"end":{"line":176,"column":59}},"line":176}},"branchMap":{"0":{"loc":{"start":{"line":14,"column":6},"end":{"line":14,"column":68}},"type":"cond-expr","locations":[{"start":{"line":14,"column":26},"end":{"line":14,"column":52}},{"start":{"line":14,"column":55},"end":{"line":14,"column":68}}],"line":14},"1":{"loc":{"start":{"line":21,"column":4},"end":{"line":25,"column":null}},"type":"if","locations":[{"start":{"line":21,"column":4},"end":{"line":25,"column":null}},{"start":{},"end":{}}],"line":21},"2":{"loc":{"start":{"line":30,"column":4},"end":{"line":31,"column":null}},"type":"if","locations":[{"start":{"line":30,"column":4},"end":{"line":31,"column":null}},{"start":{},"end":{}}],"line":30},"3":{"loc":{"start":{"line":43,"column":6},"end":{"line":43,"column":null}},"type":"if","locations":[{"start":{"line":43,"column":6},"end":{"line":43,"column":null}},{"start":{},"end":{}}],"line":43},"4":{"loc":{"start":{"line":45,"column":6},"end":{"line":45,"column":null}},"type":"if","locations":[{"start":{"line":45,"column":6},"end":{"line":45,"column":null}},{"start":{},"end":{}}],"line":45},"5":{"loc":{"start":{"line":53,"column":6},"end":{"line":53,"column":null}},"type":"if","locations":[{"start":{"line":53,"column":6},"end":{"line":53,"column":null}},{"start":{},"end":{}}],"line":53},"6":{"loc":{"start":{"line":55,"column":6},"end":{"line":55,"column":null}},"type":"if","locations":[{"start":{"line":55,"column":6},"end":{"line":55,"column":null}},{"start":{},"end":{}}],"line":55},"7":{"loc":{"start":{"line":110,"column":6},"end":{"line":111,"column":null}},"type":"if","locations":[{"start":{"line":110,"column":6},"end":{"line":111,"column":null}},{"start":{},"end":{}}],"line":110},"8":{"loc":{"start":{"line":110,"column":10},"end":{"line":110,"column":103}},"type":"binary-expr","locations":[{"start":{"line":110,"column":10},"end":{"line":110,"column":56}},{"start":{"line":110,"column":56},"end":{"line":110,"column":103}}],"line":110},"9":{"loc":{"start":{"line":113,"column":6},"end":{"line":118,"column":null}},"type":"if","locations":[{"start":{"line":113,"column":6},"end":{"line":118,"column":null}},{"start":{"line":116,"column":17},"end":{"line":118,"column":null}}],"line":113},"10":{"loc":{"start":{"line":116,"column":17},"end":{"line":118,"column":null}},"type":"if","locations":[{"start":{"line":116,"column":17},"end":{"line":118,"column":null}},{"start":{},"end":{}}],"line":116},"11":{"loc":{"start":{"line":128,"column":4},"end":{"line":128,"column":null}},"type":"if","locations":[{"start":{"line":128,"column":4},"end":{"line":128,"column":null}},{"start":{},"end":{}}],"line":128}},"s":{"0":7,"1":7,"2":7,"3":7,"4":0,"5":0,"6":0,"7":7,"8":3,"9":3,"10":0,"11":0,"12":0,"13":3,"14":3,"15":7,"16":0,"17":0,"18":0,"19":7,"20":0,"21":0,"22":0,"23":0,"24":0,"25":0,"26":0,"27":0,"28":0,"29":7,"30":1,"31":1,"32":0,"33":1,"34":1,"35":1,"36":0,"37":1,"38":1,"39":7,"40":1,"41":1,"42":20,"43":0,"44":0,"45":0,"46":0,"47":0,"48":1,"49":1,"50":1,"51":0,"52":7,"53":0,"54":7,"55":3,"56":1,"57":0,"58":1,"59":0,"60":0,"61":1,"62":1,"63":1,"64":3,"65":3,"66":3,"67":7,"68":3,"69":3,"70":2,"71":7,"72":5,"73":7,"74":1},"f":{"0":7,"1":0,"2":0,"3":0,"4":3,"5":0,"6":0,"7":0,"8":0,"9":1,"10":1,"11":1,"12":1,"13":20,"14":0,"15":0,"16":3,"17":1,"18":3,"19":3,"20":5,"21":1},"b":{"0":[0,0],"1":[0,3],"2":[3,0],"3":[0,0],"4":[0,0],"5":[0,1],"6":[0,1],"7":[0,1],"8":[1,1],"9":[0,1],"10":[1,0],"11":[2,1]},"meta":{"lastBranch":12,"lastFunction":22,"lastStatement":75,"seen":{"f:6:9:6:15":0,"s:7:25:7:60":0,"s:8:21:8:50":1,"s:9:22:9:52":2,"s:12:8:15:Infinity":3,"f:12:8:12:24":1,"s:13:4:15:Infinity":4,"f:13:4:13:19":2,"s:14:6:14:68":5,"b:14:26:14:52:14:55:14:68":0,"f:14:31:14:38":3,"s:14:43:14:52":6,"s:19:2:33:Infinity":7,"f:19:2:19:18":4,"s:20:24:20:65":8,"b:21:4:25:Infinity:undefined:undefined:undefined:undefined":1,"s:21:4:25:Infinity":9,"s:22:6:25:Infinity":10,"s:23:8:23:Infinity":11,"s:25:8:25:Infinity":12,"b:30:4:31:Infinity:undefined:undefined:undefined:undefined":2,"s:30:4:31:Infinity":13,"s:31:6:31:Infinity":14,"s:35:8:38:Infinity":15,"f:35:8:35:28":5,"s:36:22:36:Infinity":16,"s:37:4:37:Infinity":17,"s:38:4:38:Infinity":18,"s:41:8:48:Infinity":19,"f:41:8:41:27":6,"s:42:4:48:Infinity":20,"f:42:4:42:22":7,"b:43:6:43:Infinity:undefined:undefined:undefined:undefined":3,"s:43:6:43:Infinity":21,"s:43:32:43:Infinity":22,"s:44:27:44:82":23,"f:44:35:44:45":8,"s:44:50:44:82":24,"b:45:6:45:Infinity:undefined:undefined:undefined:undefined":4,"s:45:6:45:Infinity":25,"s:45:31:45:Infinity":26,"s:46:12:46:Infinity":27,"s:47:6:47:Infinity":28,"s:51:8:58:Infinity":29,"f:51:8:51:27":9,"s:52:4:58:Infinity":30,"f:52:4:52:22":10,"b:53:6:53:Infinity:undefined:undefined:undefined:undefined":5,"s:53:6:53:Infinity":31,"s:53:32:53:Infinity":32,"s:54:27:54:82":33,"f:54:35:54:45":11,"s:54:50:54:82":34,"b:55:6:55:Infinity:undefined:undefined:undefined:undefined":6,"s:55:6:55:Infinity":35,"s:55:31:55:Infinity":36,"s:56:12:56:Infinity":37,"s:57:6:57:Infinity":38,"s:62:28:98:Infinity":39,"f:62:28:62:35":12,"s:63:20:63:Infinity":40,"s:65:34:84:Infinity":41,"f:66:7:66:14":13,"s:66:19:66:45":42,"f:67:7:67:11":14,"s:70:26:70:58":43,"s:73:22:73:42":44,"s:74:23:74:Infinity":45,"s:77:21:77:Infinity":46,"s:79:8:83:Infinity":47,"s:86:4:98:Infinity":48,"s:87:23:95:8":49,"s:96:6:96:Infinity":50,"s:98:6:98:Infinity":51,"s:103:8:104:Infinity":52,"f:103:8:103:37":15,"s:104:4:104:Infinity":53,"s:108:2:123:Infinity":54,"f:108:2:108:18":16,"s:109:10:118:Infinity":55,"f:109:10:109:27":17,"b:110:6:111:Infinity:undefined:undefined:undefined:undefined":7,"s:110:6:111:Infinity":56,"b:110:10:110:56:110:56:110:103":8,"s:111:8:111:Infinity":57,"b:113:6:118:Infinity:116:17:118:Infinity":9,"s:113:6:118:Infinity":58,"s:114:8:114:Infinity":59,"s:115:8:115:Infinity":60,"b:116:17:118:Infinity:undefined:undefined:undefined:undefined":10,"s:116:17:118:Infinity":61,"s:117:8:117:Infinity":62,"s:118:8:118:Infinity":63,"s:121:4:121:Infinity":64,"s:122:4:122:Infinity":65,"f:122:4:122:17":18,"s:122:17:122:69":66,"s:126:2:129:Infinity":67,"f:126:2:126:18":19,"s:127:18:127:61":68,"b:128:4:128:Infinity:undefined:undefined:undefined:undefined":11,"s:128:4:128:Infinity":69,"s:128:15:128:Infinity":70,"s:132:2:134:Infinity":71,"f:132:2:132:18":20,"s:133:4:133:Infinity":72,"s:136:2:178:Infinity":73,"f:176:14:176:29":21,"s:176:29:176:59":74},"fnNames":{}}}
,"C:\\wk\\yamag2\\my\\ChartShapeChecker\\src\\components\\ChartView.jsx": {"path":"C:\\wk\\yamag2\\my\\ChartShapeChecker\\src\\components\\ChartView.jsx","statementMap":{"0":{"start":{"line":6,"column":6},"end":{"line":205,"column":null}},"1":{"start":{"line":7,"column":18},"end":{"line":7,"column":46}},"2":{"start":{"line":8,"column":16},"end":{"line":8,"column":43}},"3":{"start":{"line":9,"column":21},"end":{"line":9,"column":49}},"4":{"start":{"line":10,"column":23},"end":{"line":10,"column":56}},"5":{"start":{"line":12,"column":8},"end":{"line":17,"column":null}},"6":{"start":{"line":13,"column":24},"end":{"line":16,"column":16}},"7":{"start":{"line":17,"column":4},"end":{"line":17,"column":null}},"8":{"start":{"line":20,"column":2},"end":{"line":29,"column":null}},"9":{"start":{"line":21,"column":4},"end":{"line":27,"column":null}},"10":{"start":{"line":22,"column":6},"end":{"line":22,"column":null}},"11":{"start":{"line":23,"column":6},"end":{"line":23,"column":null}},"12":{"start":{"line":24,"column":6},"end":{"line":24,"column":null}},"13":{"start":{"line":26,"column":6},"end":{"line":26,"column":null}},"14":{"start":{"line":27,"column":6},"end":{"line":27,"column":null}},"15":{"start":{"line":31,"column":8},"end":{"line":33,"column":null}},"16":{"start":{"line":32,"column":4},"end":{"line":32,"column":null}},"17":{"start":{"line":32,"column":21},"end":{"line":32,"column":null}},"18":{"start":{"line":33,"column":4},"end":{"line":33,"column":null}},"19":{"start":{"line":36,"column":8},"end":{"line":36,"column":null}},"20":{"start":{"line":36,"column":33},"end":{"line":36,"column":null}},"21":{"start":{"line":38,"column":2},"end":{"line":45,"column":null}},"22":{"start":{"line":39,"column":4},"end":{"line":45,"column":null}},"23":{"start":{"line":49,"column":2},"end":{"line":205,"column":null}},"24":{"start":{"line":57,"column":26},"end":{"line":57,"column":51}},"25":{"start":{"line":140,"column":16},"end":{"line":198,"column":null}},"26":{"start":{"line":145,"column":39},"end":{"line":145,"column":55}},"27":{"start":{"line":153,"column":45},"end":{"line":153,"column":53}},"28":{"start":{"line":154,"column":45},"end":{"line":154,"column":54}},"29":{"start":{"line":172,"column":49},"end":{"line":172,"column":67}},"30":{"start":{"line":172,"column":67},"end":{"line":172,"column":84}},"31":{"start":{"line":172,"column":84},"end":{"line":172,"column":null}},"32":{"start":{"line":172,"column":98},"end":{"line":172,"column":121}},"33":{"start":{"line":188,"column":38},"end":{"line":188,"column":55}},"34":{"start":{"line":189,"column":41},"end":{"line":189,"column":60}},"35":{"start":{"line":189,"column":60},"end":{"line":189,"column":null}},"36":{"start":{"line":205,"column":68},"end":{"line":205,"column":93}},"37":{"start":{"line":209,"column":6},"end":{"line":223,"column":null}},"38":{"start":{"line":210,"column":2},"end":{"line":213,"column":null}},"39":{"start":{"line":211,"column":18},"end":{"line":211,"column":43}},"40":{"start":{"line":212,"column":4},"end":{"line":212,"column":null}},"41":{"start":{"line":212,"column":17},"end":{"line":212,"column":36}},"42":{"start":{"line":215,"column":2},"end":{"line":223,"column":null}}},"fnMap":{"0":{"name":"(anonymous_0)","decl":{"start":{"line":6,"column":6},"end":{"line":6,"column":19}},"loc":{"start":{"line":6,"column":79},"end":{"line":205,"column":null}},"line":6},"1":{"name":"(anonymous_1)","decl":{"start":{"line":12,"column":8},"end":{"line":12,"column":35}},"loc":{"start":{"line":12,"column":35},"end":{"line":17,"column":null}},"line":12},"2":{"name":"(anonymous_2)","decl":{"start":{"line":20,"column":2},"end":{"line":20,"column":18}},"loc":{"start":{"line":20,"column":18},"end":{"line":29,"column":6}},"line":20},"3":{"name":"(anonymous_3)","decl":{"start":{"line":31,"column":8},"end":{"line":31,"column":23}},"loc":{"start":{"line":31,"column":37},"end":{"line":33,"column":null}},"line":31},"4":{"name":"(anonymous_4)","decl":{"start":{"line":36,"column":8},"end":{"line":36,"column":26}},"loc":{"start":{"line":36,"column":33},"end":{"line":36,"column":null}},"line":36},"5":{"name":"(anonymous_5)","decl":{"start":{"line":57,"column":10},"end":{"line":57,"column":26}},"loc":{"start":{"line":57,"column":26},"end":{"line":57,"column":51}},"line":57},"6":{"name":"(anonymous_6)","decl":{"start":{"line":139,"column":16},"end":{"line":139,"column":18}},"loc":{"start":{"line":140,"column":16},"end":{"line":198,"column":null}},"line":140},"7":{"name":"(anonymous_7)","decl":{"start":{"line":145,"column":24},"end":{"line":145,"column":39}},"loc":{"start":{"line":145,"column":39},"end":{"line":145,"column":55}},"line":145},"8":{"name":"(anonymous_8)","decl":{"start":{"line":153,"column":30},"end":{"line":153,"column":45}},"loc":{"start":{"line":153,"column":45},"end":{"line":153,"column":53}},"line":153},"9":{"name":"(anonymous_9)","decl":{"start":{"line":154,"column":30},"end":{"line":154,"column":45}},"loc":{"start":{"line":154,"column":45},"end":{"line":154,"column":54}},"line":154},"10":{"name":"(anonymous_10)","decl":{"start":{"line":172,"column":32},"end":{"line":172,"column":47}},"loc":{"start":{"line":172,"column":47},"end":{"line":172,"column":null}},"line":172},"11":{"name":"(anonymous_11)","decl":{"start":{"line":172,"column":84},"end":{"line":172,"column":98}},"loc":{"start":{"line":172,"column":98},"end":{"line":172,"column":121}},"line":172},"12":{"name":"(anonymous_12)","decl":{"start":{"line":188,"column":24},"end":{"line":188,"column":38}},"loc":{"start":{"line":188,"column":38},"end":{"line":188,"column":55}},"line":188},"13":{"name":"(anonymous_13)","decl":{"start":{"line":189,"column":24},"end":{"line":189,"column":39}},"loc":{"start":{"line":189,"column":39},"end":{"line":189,"column":null}},"line":189},"14":{"name":"(anonymous_14)","decl":{"start":{"line":205,"column":53},"end":{"line":205,"column":68}},"loc":{"start":{"line":205,"column":68},"end":{"line":205,"column":93}},"line":205},"15":{"name":"(anonymous_15)","decl":{"start":{"line":209,"column":6},"end":{"line":209,"column":15}},"loc":{"start":{"line":209,"column":40},"end":{"line":223,"column":null}},"line":209},"16":{"name":"(anonymous_16)","decl":{"start":{"line":210,"column":2},"end":{"line":210,"column":18}},"loc":{"start":{"line":210,"column":18},"end":{"line":213,"column":6}},"line":210},"17":{"name":"(anonymous_17)","decl":{"start":{"line":212,"column":4},"end":{"line":212,"column":17}},"loc":{"start":{"line":212,"column":17},"end":{"line":212,"column":36}},"line":212}},"branchMap":{"0":{"loc":{"start":{"line":21,"column":4},"end":{"line":27,"column":null}},"type":"if","locations":[{"start":{"line":21,"column":4},"end":{"line":27,"column":null}},{"start":{"line":25,"column":11},"end":{"line":27,"column":null}}],"line":21},"1":{"loc":{"start":{"line":32,"column":4},"end":{"line":32,"column":null}},"type":"if","locations":[{"start":{"line":32,"column":4},"end":{"line":32,"column":null}},{"start":{},"end":{}}],"line":32},"2":{"loc":{"start":{"line":38,"column":2},"end":{"line":45,"column":null}},"type":"if","locations":[{"start":{"line":38,"column":2},"end":{"line":45,"column":null}},{"start":{},"end":{}}],"line":38},"3":{"loc":{"start":{"line":77,"column":11},"end":{"line":86,"column":null}},"type":"binary-expr","locations":[{"start":{"line":77,"column":11},"end":{"line":77,"column":null}},{"start":{"line":78,"column":12},"end":{"line":86,"column":null}}],"line":77},"4":{"loc":{"start":{"line":94,"column":9},"end":{"line":110,"column":null}},"type":"binary-expr","locations":[{"start":{"line":94,"column":9},"end":{"line":94,"column":null}},{"start":{"line":95,"column":10},"end":{"line":110,"column":null}}],"line":94},"5":{"loc":{"start":{"line":114,"column":11},"end":{"line":200,"column":null}},"type":"cond-expr","locations":[{"start":{"line":115,"column":12},"end":{"line":128,"column":null}},{"start":{"line":130,"column":12},"end":{"line":200,"column":null}}],"line":114},"6":{"loc":{"start":{"line":143,"column":21},"end":{"line":152,"column":21}},"type":"binary-expr","locations":[{"start":{"line":143,"column":21},"end":{"line":143,"column":null}},{"start":{"line":144,"column":22},"end":{"line":152,"column":21}}],"line":143},"7":{"loc":{"start":{"line":162,"column":20},"end":{"line":182,"column":23}},"type":"binary-expr","locations":[{"start":{"line":163,"column":24},"end":{"line":163,"column":35}},{"start":{"line":163,"column":35},"end":{"line":163,"column":null}},{"start":{"line":164,"column":24},"end":{"line":182,"column":23}}],"line":162},"8":{"loc":{"start":{"line":165,"column":27},"end":{"line":176,"column":null}},"type":"cond-expr","locations":[{"start":{"line":166,"column":28},"end":{"line":168,"column":29}},{"start":{"line":168,"column":28},"end":{"line":176,"column":null}}],"line":165},"9":{"loc":{"start":{"line":187,"column":44},"end":{"line":187,"column":61}},"type":"cond-expr","locations":[{"start":{"line":187,"column":54},"end":{"line":187,"column":58}},{"start":{"line":187,"column":58},"end":{"line":187,"column":61}}],"line":187},"10":{"loc":{"start":{"line":205,"column":7},"end":{"line":205,"column":null}},"type":"binary-expr","locations":[{"start":{"line":205,"column":7},"end":{"line":205,"column":23}},{"start":{"line":205,"column":23},"end":{"line":205,"column":null}}],"line":205}},"s":{"0":2,"1":17,"2":17,"3":17,"4":17,"5":17,"6":1,"7":1,"8":17,"9":10,"10":5,"11":5,"12":5,"13":5,"14":5,"15":17,"16":9,"17":0,"18":9,"19":17,"20":10,"21":17,"22":5,"23":12,"24":0,"25":9,"26":0,"27":0,"28":0,"29":0,"30":0,"31":0,"32":0,"33":0,"34":0,"35":0,"36":0,"37":2,"38":1,"39":1,"40":1,"41":1,"42":1},"f":{"0":17,"1":1,"2":10,"3":9,"4":10,"5":0,"6":9,"7":0,"8":0,"9":0,"10":0,"11":0,"12":0,"13":0,"14":0,"15":1,"16":1,"17":1},"b":{"0":[5,5],"1":[0,9],"2":[5,12],"3":[12,10],"4":[17,10],"5":[2,10],"6":[9,0],"7":[9,3,9],"8":[6,3],"9":[6,3],"10":[17,2]},"meta":{"lastBranch":11,"lastFunction":18,"lastStatement":43,"seen":{"s:6:6:205:Infinity":0,"f:6:6:6:19":0,"s:7:18:7:46":1,"s:8:16:8:43":2,"s:9:21:9:49":3,"s:10:23:10:56":4,"s:12:8:17:Infinity":5,"f:12:8:12:35":1,"s:13:24:16:16":6,"s:17:4:17:Infinity":7,"s:20:2:29:Infinity":8,"f:20:2:20:18":2,"b:21:4:27:Infinity:25:11:27:Infinity":0,"s:21:4:27:Infinity":9,"s:22:6:22:Infinity":10,"s:23:6:23:Infinity":11,"s:24:6:24:Infinity":12,"s:26:6:26:Infinity":13,"s:27:6:27:Infinity":14,"s:31:8:33:Infinity":15,"f:31:8:31:23":3,"b:32:4:32:Infinity:undefined:undefined:undefined:undefined":1,"s:32:4:32:Infinity":16,"s:32:21:32:Infinity":17,"s:33:4:33:Infinity":18,"s:36:8:36:Infinity":19,"f:36:8:36:26":4,"s:36:33:36:Infinity":20,"b:38:2:45:Infinity:undefined:undefined:undefined:undefined":2,"s:38:2:45:Infinity":21,"s:39:4:45:Infinity":22,"s:49:2:205:Infinity":23,"f:57:10:57:26":5,"s:57:26:57:51":24,"b:77:11:77:Infinity:78:12:86:Infinity":3,"b:94:9:94:Infinity:95:10:110:Infinity":4,"b:115:12:128:Infinity:130:12:200:Infinity":5,"f:139:16:139:18":6,"s:140:16:198:Infinity":25,"b:143:21:143:Infinity:144:22:152:21":6,"f:145:24:145:39":7,"s:145:39:145:55":26,"f:153:30:153:45":8,"s:153:45:153:53":27,"f:154:30:154:45":9,"s:154:45:154:54":28,"b:163:24:163:35:163:35:163:Infinity:164:24:182:23":7,"b:166:28:168:29:168:28:176:Infinity":8,"f:172:32:172:47":10,"s:172:49:172:67":29,"s:172:67:172:84":30,"s:172:84:172:Infinity":31,"f:172:84:172:98":11,"s:172:98:172:121":32,"b:187:54:187:58:187:58:187:61":9,"f:188:24:188:38":12,"s:188:38:188:55":33,"f:189:24:189:39":13,"s:189:41:189:60":34,"s:189:60:189:Infinity":35,"b:205:7:205:23:205:23:205:Infinity":10,"f:205:53:205:68":14,"s:205:68:205:93":36,"s:209:6:223:Infinity":37,"f:209:6:209:15":15,"s:210:2:213:Infinity":38,"f:210:2:210:18":16,"s:211:18:211:43":39,"s:212:4:212:Infinity":40,"f:212:4:212:17":17,"s:212:17:212:36":41,"s:215:2:223:Infinity":42},"fnNames":{}}}
,"C:\\wk\\yamag2\\my\\ChartShapeChecker\\src\\components\\ErrorBoundary.jsx": {"path":"C:\\wk\\yamag2\\my\\ChartShapeChecker\\src\\components\\ErrorBoundary.jsx","statementMap":{"0":{"start":{"line":5,"column":4},"end":{"line":5,"column":null}},"1":{"start":{"line":6,"column":4},"end":{"line":6,"column":null}},"2":{"start":{"line":10,"column":4},"end":{"line":10,"column":null}},"3":{"start":{"line":14,"column":4},"end":{"line":14,"column":null}},"4":{"start":{"line":18,"column":4},"end":{"line":63,"column":null}},"5":{"start":{"line":19,"column":6},"end":{"line":63,"column":null}},"6":{"start":{"line":50,"column":27},"end":{"line":50,"column":51}},"7":{"start":{"line":68,"column":4},"end":{"line":68,"column":null}}},"fnMap":{"0":{"name":"constructor","decl":{"start":{"line":4,"column":2},"end":{"line":4,"column":14}},"loc":{"start":{"line":4,"column":21},"end":{"line":6,"column":null}},"line":4},"1":{"name":"getDerivedStateFromError","decl":{"start":{"line":9,"column":9},"end":{"line":9,"column":34}},"loc":{"start":{"line":9,"column":41},"end":{"line":10,"column":null}},"line":9},"2":{"name":"componentDidCatch","decl":{"start":{"line":13,"column":2},"end":{"line":13,"column":20}},"loc":{"start":{"line":13,"column":38},"end":{"line":14,"column":null}},"line":13},"3":{"name":"render","decl":{"start":{"line":17,"column":2},"end":{"line":17,"column":11}},"loc":{"start":{"line":17,"column":11},"end":{"line":68,"column":null}},"line":17},"4":{"name":"(anonymous_4)","decl":{"start":{"line":50,"column":12},"end":{"line":50,"column":27}},"loc":{"start":{"line":50,"column":27},"end":{"line":50,"column":51}},"line":50}},"branchMap":{"0":{"loc":{"start":{"line":18,"column":4},"end":{"line":63,"column":null}},"type":"if","locations":[{"start":{"line":18,"column":4},"end":{"line":63,"column":null}},{"start":{},"end":{}}],"line":18}},"s":{"0":4,"1":4,"2":2,"3":1,"4":5,"5":2,"6":0,"7":3},"f":{"0":4,"1":1,"2":1,"3":5,"4":0},"b":{"0":[2,3]},"meta":{"lastBranch":1,"lastFunction":5,"lastStatement":8,"seen":{"f:4:2:4:14":0,"s:5:4:5:Infinity":0,"s:6:4:6:Infinity":1,"f:9:9:9:34":1,"s:10:4:10:Infinity":2,"f:13:2:13:20":2,"s:14:4:14:Infinity":3,"f:17:2:17:11":3,"b:18:4:63:Infinity:undefined:undefined:undefined:undefined":0,"s:18:4:63:Infinity":4,"s:19:6:63:Infinity":5,"f:50:12:50:27":4,"s:50:27:50:51":6,"s:68:4:68:Infinity":7},"fnNames":{}}}
,"C:\\wk\\yamag2\\my\\ChartShapeChecker\\src\\components\\Sidebar.jsx": {"path":"C:\\wk\\yamag2\\my\\ChartShapeChecker\\src\\components\\Sidebar.jsx","statementMap":{"0":{"start":{"line":5,"column":6},"end":{"line":84,"column":null}},"1":{"start":{"line":6,"column":21},"end":{"line":6,"column":50}},"2":{"start":{"line":8,"column":26},"end":{"line":10,"column":null}},"3":{"start":{"line":9,"column":4},"end":{"line":10,"column":59}},"4":{"start":{"line":13,"column":2},"end":{"line":84,"column":null}},"5":{"start":{"line":32,"column":29},"end":{"line":32,"column":null}},"6":{"start":{"line":41,"column":12},"end":{"line":73,"column":null}},"7":{"start":{"line":48,"column":29},"end":{"line":48,"column":45}},"8":{"start":{"line":67,"column":18},"end":{"line":67,"column":null}},"9":{"start":{"line":68,"column":18},"end":{"line":68,"column":null}}},"fnMap":{"0":{"name":"(anonymous_0)","decl":{"start":{"line":5,"column":6},"end":{"line":5,"column":17}},"loc":{"start":{"line":5,"column":85},"end":{"line":84,"column":null}},"line":5},"1":{"name":"(anonymous_1)","decl":{"start":{"line":8,"column":34},"end":{"line":8,"column":41}},"loc":{"start":{"line":9,"column":4},"end":{"line":10,"column":59}},"line":9},"2":{"name":"(anonymous_2)","decl":{"start":{"line":32,"column":12},"end":{"line":32,"column":23}},"loc":{"start":{"line":32,"column":29},"end":{"line":32,"column":null}},"line":32},"3":{"name":"(anonymous_3)","decl":{"start":{"line":40,"column":27},"end":{"line":40,"column":32}},"loc":{"start":{"line":41,"column":12},"end":{"line":73,"column":null}},"line":41},"4":{"name":"(anonymous_4)","decl":{"start":{"line":48,"column":14},"end":{"line":48,"column":29}},"loc":{"start":{"line":48,"column":29},"end":{"line":48,"column":45}},"line":48},"5":{"name":"(anonymous_5)","decl":{"start":{"line":66,"column":16},"end":{"line":66,"column":26}},"loc":{"start":{"line":66,"column":32},"end":{"line":68,"column":null}},"line":66}},"branchMap":{"0":{"loc":{"start":{"line":9,"column":4},"end":{"line":10,"column":59}},"type":"binary-expr","locations":[{"start":{"line":9,"column":4},"end":{"line":9,"column":61}},{"start":{"line":10,"column":4},"end":{"line":10,"column":59}}],"line":9},"1":{"loc":{"start":{"line":47,"column":40},"end":{"line":47,"column":null}},"type":"cond-expr","locations":[{"start":{"line":47,"column":83},"end":{"line":47,"column":94}},{"start":{"line":47,"column":94},"end":{"line":47,"column":null}}],"line":47},"2":{"loc":{"start":{"line":58,"column":19},"end":{"line":58,"column":null}},"type":"binary-expr","locations":[{"start":{"line":58,"column":19},"end":{"line":58,"column":33}},{"start":{"line":58,"column":33},"end":{"line":58,"column":null}}],"line":58},"3":{"loc":{"start":{"line":65,"column":42},"end":{"line":65,"column":null}},"type":"cond-expr","locations":[{"start":{"line":65,"column":70},"end":{"line":65,"column":82}},{"start":{"line":65,"column":82},"end":{"line":65,"column":null}}],"line":65},"4":{"loc":{"start":{"line":71,"column":17},"end":{"line":71,"column":null}},"type":"cond-expr","locations":[{"start":{"line":71,"column":45},"end":{"line":71,"column":75}},{"start":{"line":71,"column":74},"end":{"line":71,"column":null}}],"line":71}},"s":{"0":1,"1":4,"2":4,"3":8,"4":4,"5":1,"6":7,"7":1,"8":0,"9":0},"f":{"0":4,"1":8,"2":1,"3":7,"4":1,"5":0},"b":{"0":[8,2],"1":[3,4],"2":[7,7],"3":[0,7],"4":[0,7]},"meta":{"lastBranch":5,"lastFunction":6,"lastStatement":10,"seen":{"s:5:6:84:Infinity":0,"f:5:6:5:17":0,"s:6:21:6:50":1,"s:8:26:10:Infinity":2,"f:8:34:8:41":1,"s:9:4:10:59":3,"b:9:4:9:61:10:4:10:59":0,"s:13:2:84:Infinity":4,"f:32:12:32:23":2,"s:32:29:32:Infinity":5,"f:40:27:40:32":3,"s:41:12:73:Infinity":6,"b:47:83:47:94:47:94:47:Infinity":1,"f:48:14:48:29":4,"s:48:29:48:45":7,"b:58:19:58:33:58:33:58:Infinity":2,"b:65:70:65:82:65:82:65:Infinity":3,"f:66:16:66:26":5,"s:67:18:67:Infinity":8,"s:68:18:68:Infinity":9,"b:71:45:71:75:71:74:71:Infinity":4},"fnNames":{}}}
,"C:\\wk\\yamag2\\my\\ChartShapeChecker\\src\\components\\TickerSelector.jsx": {"path":"C:\\wk\\yamag2\\my\\ChartShapeChecker\\src\\components\\TickerSelector.jsx","statementMap":{"0":{"start":{"line":5,"column":6},"end":{"line":110,"column":null}},"1":{"start":{"line":6,"column":17},"end":{"line":6,"column":45}},"2":{"start":{"line":7,"column":21},"end":{"line":7,"column":50}},"3":{"start":{"line":8,"column":8},"end":{"line":8,"column":34}},"4":{"start":{"line":10,"column":2},"end":{"line":18,"column":null}},"5":{"start":{"line":11,"column":10},"end":{"line":13,"column":null}},"6":{"start":{"line":12,"column":6},"end":{"line":13,"column":null}},"7":{"start":{"line":13,"column":8},"end":{"line":13,"column":null}},"8":{"start":{"line":16,"column":4},"end":{"line":16,"column":null}},"9":{"start":{"line":17,"column":4},"end":{"line":17,"column":null}},"10":{"start":{"line":17,"column":17},"end":{"line":17,"column":78}},"11":{"start":{"line":20,"column":26},"end":{"line":22,"column":null}},"12":{"start":{"line":21,"column":4},"end":{"line":22,"column":59}},"13":{"start":{"line":25,"column":2},"end":{"line":110,"column":null}},"14":{"start":{"line":30,"column":23},"end":{"line":30,"column":41}},"15":{"start":{"line":58,"column":35},"end":{"line":58,"column":null}},"16":{"start":{"line":61,"column":214},"end":{"line":61,"column":231}},"17":{"start":{"line":72,"column":18},"end":{"line":95,"column":null}},"18":{"start":{"line":76,"column":22},"end":{"line":76,"column":null}},"19":{"start":{"line":77,"column":22},"end":{"line":77,"column":null}},"20":{"start":{"line":78,"column":22},"end":{"line":78,"column":null}},"21":{"start":{"line":89,"column":24},"end":{"line":89,"column":null}},"22":{"start":{"line":90,"column":24},"end":{"line":90,"column":null}}},"fnMap":{"0":{"name":"(anonymous_0)","decl":{"start":{"line":5,"column":6},"end":{"line":5,"column":24}},"loc":{"start":{"line":5,"column":92},"end":{"line":110,"column":null}},"line":5},"1":{"name":"(anonymous_1)","decl":{"start":{"line":10,"column":2},"end":{"line":10,"column":18}},"loc":{"start":{"line":10,"column":18},"end":{"line":18,"column":7}},"line":10},"2":{"name":"(anonymous_2)","decl":{"start":{"line":11,"column":10},"end":{"line":11,"column":32}},"loc":{"start":{"line":11,"column":42},"end":{"line":13,"column":null}},"line":11},"3":{"name":"(anonymous_3)","decl":{"start":{"line":17,"column":4},"end":{"line":17,"column":17}},"loc":{"start":{"line":17,"column":17},"end":{"line":17,"column":78}},"line":17},"4":{"name":"(anonymous_4)","decl":{"start":{"line":20,"column":34},"end":{"line":20,"column":41}},"loc":{"start":{"line":21,"column":4},"end":{"line":22,"column":59}},"line":21},"5":{"name":"(anonymous_5)","decl":{"start":{"line":30,"column":8},"end":{"line":30,"column":23}},"loc":{"start":{"line":30,"column":23},"end":{"line":30,"column":41}},"line":30},"6":{"name":"(anonymous_6)","decl":{"start":{"line":58,"column":18},"end":{"line":58,"column":29}},"loc":{"start":{"line":58,"column":35},"end":{"line":58,"column":null}},"line":58},"7":{"name":"(anonymous_7)","decl":{"start":{"line":61,"column":199},"end":{"line":61,"column":214}},"loc":{"start":{"line":61,"column":214},"end":{"line":61,"column":231}},"line":61},"8":{"name":"(anonymous_8)","decl":{"start":{"line":71,"column":32},"end":{"line":71,"column":36}},"loc":{"start":{"line":72,"column":18},"end":{"line":95,"column":null}},"line":72},"9":{"name":"(anonymous_9)","decl":{"start":{"line":75,"column":20},"end":{"line":75,"column":35}},"loc":{"start":{"line":75,"column":35},"end":{"line":78,"column":null}},"line":75},"10":{"name":"(anonymous_10)","decl":{"start":{"line":88,"column":22},"end":{"line":88,"column":32}},"loc":{"start":{"line":88,"column":38},"end":{"line":90,"column":null}},"line":88}},"branchMap":{"0":{"loc":{"start":{"line":12,"column":6},"end":{"line":13,"column":null}},"type":"if","locations":[{"start":{"line":12,"column":6},"end":{"line":13,"column":null}},{"start":{},"end":{}}],"line":12},"1":{"loc":{"start":{"line":12,"column":10},"end":{"line":12,"column":76}},"type":"binary-expr","locations":[{"start":{"line":12,"column":10},"end":{"line":12,"column":33}},{"start":{"line":12,"column":33},"end":{"line":12,"column":76}}],"line":12},"2":{"loc":{"start":{"line":21,"column":4},"end":{"line":22,"column":59}},"type":"binary-expr","locations":[{"start":{"line":21,"column":4},"end":{"line":21,"column":61}},{"start":{"line":22,"column":4},"end":{"line":22,"column":59}}],"line":21},"3":{"loc":{"start":{"line":29,"column":39},"end":{"line":29,"column":null}},"type":"cond-expr","locations":[{"start":{"line":29,"column":48},"end":{"line":29,"column":59}},{"start":{"line":29,"column":59},"end":{"line":29,"column":null}}],"line":29},"4":{"loc":{"start":{"line":33,"column":48},"end":{"line":33,"column":87}},"type":"binary-expr","locations":[{"start":{"line":33,"column":48},"end":{"line":33,"column":74}},{"start":{"line":33,"column":74},"end":{"line":33,"column":87}}],"line":33},"5":{"loc":{"start":{"line":34,"column":50},"end":{"line":34,"column":89}},"type":"binary-expr","locations":[{"start":{"line":34,"column":50},"end":{"line":34,"column":74}},{"start":{"line":34,"column":74},"end":{"line":34,"column":89}}],"line":34},"6":{"loc":{"start":{"line":36,"column":61},"end":{"line":36,"column":90}},"type":"cond-expr","locations":[{"start":{"line":36,"column":70},"end":{"line":36,"column":82}},{"start":{"line":36,"column":82},"end":{"line":36,"column":90}}],"line":36},"7":{"loc":{"start":{"line":41,"column":9},"end":{"line":110,"column":null}},"type":"binary-expr","locations":[{"start":{"line":41,"column":9},"end":{"line":41,"column":null}},{"start":{"line":42,"column":10},"end":{"line":110,"column":null}}],"line":41},"8":{"loc":{"start":{"line":60,"column":17},"end":{"line":63,"column":null}},"type":"binary-expr","locations":[{"start":{"line":60,"column":17},"end":{"line":60,"column":null}},{"start":{"line":61,"column":18},"end":{"line":63,"column":null}}],"line":60},"9":{"loc":{"start":{"line":70,"column":15},"end":{"line":100,"column":null}},"type":"cond-expr","locations":[{"start":{"line":71,"column":16},"end":{"line":95,"column":null}},{"start":{"line":98,"column":16},"end":{"line":100,"column":null}}],"line":70},"10":{"loc":{"start":{"line":74,"column":48},"end":{"line":74,"column":null}},"type":"cond-expr","locations":[{"start":{"line":74,"column":91},"end":{"line":74,"column":102}},{"start":{"line":74,"column":102},"end":{"line":74,"column":null}}],"line":74},"11":{"loc":{"start":{"line":86,"column":48},"end":{"line":86,"column":null}},"type":"cond-expr","locations":[{"start":{"line":86,"column":76},"end":{"line":86,"column":88}},{"start":{"line":86,"column":88},"end":{"line":86,"column":null}}],"line":86},"12":{"loc":{"start":{"line":93,"column":23},"end":{"line":93,"column":null}},"type":"cond-expr","locations":[{"start":{"line":93,"column":51},"end":{"line":93,"column":81}},{"start":{"line":93,"column":80},"end":{"line":93,"column":null}}],"line":93}},"s":{"0":2,"1":10,"2":10,"3":10,"4":10,"5":5,"6":0,"7":0,"8":5,"9":5,"10":5,"11":10,"12":146,"13":10,"14":1,"15":0,"16":0,"17":2,"18":0,"19":0,"20":0,"21":0,"22":0},"f":{"0":10,"1":5,"2":0,"3":5,"4":146,"5":1,"6":0,"7":0,"8":2,"9":0,"10":0},"b":{"0":[0,0],"1":[0,0],"2":[146,0],"3":[1,9],"4":[10,3],"5":[10,3],"6":[1,9],"7":[10,1],"8":[1,0],"9":[1,0],"10":[1,1],"11":[0,2],"12":[0,2]},"meta":{"lastBranch":13,"lastFunction":11,"lastStatement":23,"seen":{"s:5:6:110:Infinity":0,"f:5:6:5:24":0,"s:6:17:6:45":1,"s:7:21:7:50":2,"s:8:8:8:34":3,"s:10:2:18:Infinity":4,"f:10:2:10:18":1,"s:11:10:13:Infinity":5,"f:11:10:11:32":2,"b:12:6:13:Infinity:undefined:undefined:undefined:undefined":0,"s:12:6:13:Infinity":6,"b:12:10:12:33:12:33:12:76":1,"s:13:8:13:Infinity":7,"s:16:4:16:Infinity":8,"s:17:4:17:Infinity":9,"f:17:4:17:17":3,"s:17:17:17:78":10,"s:20:26:22:Infinity":11,"f:20:34:20:41":4,"s:21:4:22:59":12,"b:21:4:21:61:22:4:22:59":2,"s:25:2:110:Infinity":13,"b:29:48:29:59:29:59:29:Infinity":3,"f:30:8:30:23":5,"s:30:23:30:41":14,"b:33:48:33:74:33:74:33:87":4,"b:34:50:34:74:34:74:34:89":5,"b:36:70:36:82:36:82:36:90":6,"b:41:9:41:Infinity:42:10:110:Infinity":7,"f:58:18:58:29":6,"s:58:35:58:Infinity":15,"b:60:17:60:Infinity:61:18:63:Infinity":8,"f:61:199:61:214":7,"s:61:214:61:231":16,"b:71:16:95:Infinity:98:16:100:Infinity":9,"f:71:32:71:36":8,"s:72:18:95:Infinity":17,"b:74:91:74:102:74:102:74:Infinity":10,"f:75:20:75:35":9,"s:76:22:76:Infinity":18,"s:77:22:77:Infinity":19,"s:78:22:78:Infinity":20,"b:86:76:86:88:86:88:86:Infinity":11,"f:88:22:88:32":10,"s:89:24:89:Infinity":21,"s:90:24:90:Infinity":22,"b:93:51:93:81:93:80:93:Infinity":12},"fnNames":{}}}
,"C:\\wk\\yamag2\\my\\ChartShapeChecker\\src\\data\\tickers.js": {"path":"C:\\wk\\yamag2\\my\\ChartShapeChecker\\src\\data\\tickers.js","statementMap":{"0":{"start":{"line":1,"column":23},"end":{"line":142,"column":null}}},"fnMap":{},"branchMap":{},"s":{"0":1},"f":{},"b":{},"meta":{"lastBranch":0,"lastFunction":0,"lastStatement":1,"seen":{"s:1:23:142:Infinity":0},"fnNames":{}}}
}
